{"/home/travis/build/npmtest/node-npmtest-yarn/test.js":{"path":"/home/travis/build/npmtest/node-npmtest-yarn/test.js","s":{"1":2,"2":2,"3":2,"4":2,"5":2,"6":2,"7":2,"8":1,"9":2,"10":2,"11":1,"12":1,"13":1,"14":1,"15":2,"16":2,"17":2,"18":2,"19":1,"20":1,"21":2,"22":2,"23":2,"24":1,"25":1,"26":1,"27":1,"28":1,"29":1,"30":1,"31":1,"32":1,"33":1,"34":1,"35":1,"36":1,"37":2,"38":2,"39":1,"40":2,"41":2,"42":1,"43":2,"44":2,"45":1,"46":2,"47":2,"48":1,"49":1,"50":1,"51":1,"52":1},"b":{"1":[2,1,1,1],"2":[1,1,1,1],"3":[1,1],"4":[1,1],"5":[1,1],"6":[1,1],"7":[1,1],"8":[1,1],"9":[1,1,1],"10":[1,1],"11":[1,1],"12":[1,1],"13":[1,1],"14":[1,1],"15":[1,1],"16":[1,1]},"f":{"1":2,"2":2,"3":2,"4":2,"5":2,"6":1,"7":1,"8":2,"9":2,"10":2,"11":2,"12":1},"fnMap":{"1":{"name":"(anonymous_1)","line":12,"loc":{"start":{"line":12,"column":1},"end":{"line":12,"column":13}}},"2":{"name":"(anonymous_2)","line":19,"loc":{"start":{"line":19,"column":5},"end":{"line":19,"column":17}}},"3":{"name":"(anonymous_3)","line":23,"loc":{"start":{"line":23,"column":24},"end":{"line":23,"column":36}}},"4":{"name":"(anonymous_4)","line":61,"loc":{"start":{"line":61,"column":5},"end":{"line":61,"column":17}}},"5":{"name":"(anonymous_5)","line":82,"loc":{"start":{"line":82,"column":5},"end":{"line":82,"column":17}}},"6":{"name":"(anonymous_6)","line":102,"loc":{"start":{"line":102,"column":83},"end":{"line":105,"column":10}},"skip":true},"7":{"name":"(anonymous_7)","line":113,"loc":{"start":{"line":113,"column":77},"end":{"line":116,"column":10}},"skip":true},"8":{"name":"(anonymous_8)","line":129,"loc":{"start":{"line":129,"column":12},"end":{"line":129,"column":40}},"skip":true},"9":{"name":"(anonymous_9)","line":137,"loc":{"start":{"line":137,"column":77},"end":{"line":140,"column":10}},"skip":true},"10":{"name":"(anonymous_10)","line":148,"loc":{"start":{"line":148,"column":83},"end":{"line":151,"column":10}},"skip":true},"11":{"name":"(anonymous_11)","line":159,"loc":{"start":{"line":159,"column":79},"end":{"line":162,"column":10}},"skip":true},"12":{"name":"(anonymous_12)","line":170,"loc":{"start":{"line":170,"column":75},"end":{"line":173,"column":10}},"skip":true}},"statementMap":{"1":{"start":{"line":12,"column":0},"end":{"line":185,"column":5}},"2":{"start":{"line":14,"column":4},"end":{"line":14,"column":14}},"3":{"start":{"line":19,"column":4},"end":{"line":56,"column":9}},"4":{"start":{"line":21,"column":8},"end":{"line":21,"column":19}},"5":{"start":{"line":23,"column":8},"end":{"line":35,"column":13}},"6":{"start":{"line":24,"column":12},"end":{"line":34,"column":13}},"7":{"start":{"line":25,"column":16},"end":{"line":28,"column":30}},"8":{"start":{"line":30,"column":16},"end":{"line":33,"column":27}},"9":{"start":{"line":37,"column":8},"end":{"line":39,"column":21}},"10":{"start":{"line":40,"column":8},"end":{"line":53,"column":9}},"11":{"start":{"line":43,"column":12},"end":{"line":46,"column":14}},"12":{"start":{"line":47,"column":12},"end":{"line":47,"column":18}},"13":{"start":{"line":50,"column":12},"end":{"line":51,"column":46}},"14":{"start":{"line":52,"column":12},"end":{"line":52,"column":18}},"15":{"start":{"line":55,"column":8},"end":{"line":55,"column":35}},"16":{"start":{"line":61,"column":4},"end":{"line":63,"column":9}},"17":{"start":{"line":62,"column":8},"end":{"line":62,"column":15}},"18":{"start":{"line":64,"column":4},"end":{"line":77,"column":5}},"19":{"start":{"line":70,"column":8},"end":{"line":70,"column":14}},"20":{"start":{"line":76,"column":8},"end":{"line":76,"column":14}},"21":{"start":{"line":82,"column":4},"end":{"line":84,"column":9}},"22":{"start":{"line":83,"column":8},"end":{"line":83,"column":15}},"23":{"start":{"line":85,"column":4},"end":{"line":184,"column":5}},"24":{"start":{"line":92,"column":8},"end":{"line":94,"column":63}},"25":{"start":{"line":95,"column":8},"end":{"line":95,"column":14}},"26":{"start":{"line":102,"column":8},"end":{"line":111,"column":10},"skip":true},"27":{"start":{"line":109,"column":12},"end":{"line":109,"column":55},"skip":true},"28":{"start":{"line":110,"column":12},"end":{"line":110,"column":48},"skip":true},"29":{"start":{"line":113,"column":8},"end":{"line":126,"column":10},"skip":true},"30":{"start":{"line":120,"column":12},"end":{"line":120,"column":76},"skip":true},"31":{"start":{"line":121,"column":12},"end":{"line":121,"column":73},"skip":true},"32":{"start":{"line":122,"column":12},"end":{"line":122,"column":74},"skip":true},"33":{"start":{"line":123,"column":12},"end":{"line":123,"column":79},"skip":true},"34":{"start":{"line":124,"column":12},"end":{"line":124,"column":25},"skip":true},"35":{"start":{"line":125,"column":12},"end":{"line":125,"column":45},"skip":true},"36":{"start":{"line":128,"column":8},"end":{"line":135,"column":14},"skip":true},"37":{"start":{"line":133,"column":16},"end":{"line":133,"column":29},"skip":true},"38":{"start":{"line":134,"column":16},"end":{"line":134,"column":55},"skip":true},"39":{"start":{"line":137,"column":8},"end":{"line":146,"column":10},"skip":true},"40":{"start":{"line":144,"column":12},"end":{"line":144,"column":25},"skip":true},"41":{"start":{"line":145,"column":12},"end":{"line":145,"column":45},"skip":true},"42":{"start":{"line":148,"column":8},"end":{"line":157,"column":10},"skip":true},"43":{"start":{"line":155,"column":12},"end":{"line":155,"column":25},"skip":true},"44":{"start":{"line":156,"column":12},"end":{"line":156,"column":48},"skip":true},"45":{"start":{"line":159,"column":8},"end":{"line":168,"column":10},"skip":true},"46":{"start":{"line":166,"column":12},"end":{"line":166,"column":25},"skip":true},"47":{"start":{"line":167,"column":12},"end":{"line":167,"column":46},"skip":true},"48":{"start":{"line":170,"column":8},"end":{"line":179,"column":10},"skip":true},"49":{"start":{"line":177,"column":12},"end":{"line":177,"column":94},"skip":true},"50":{"start":{"line":178,"column":12},"end":{"line":178,"column":48},"skip":true},"51":{"start":{"line":182,"column":8},"end":{"line":182,"column":35},"skip":true},"52":{"start":{"line":183,"column":8},"end":{"line":183,"column":14},"skip":true}},"branchMap":{"1":{"line":25,"type":"binary-expr","locations":[{"start":{"line":25,"column":23},"end":{"line":25,"column":62}},{"start":{"line":26,"column":20},"end":{"line":26,"column":70}},{"start":{"line":27,"column":20},"end":{"line":27,"column":71}},{"start":{"line":28,"column":20},"end":{"line":28,"column":29}}]},"2":{"line":30,"type":"binary-expr","locations":[{"start":{"line":30,"column":23},"end":{"line":30,"column":37}},{"start":{"line":31,"column":20},"end":{"line":31,"column":61}},{"start":{"line":32,"column":20},"end":{"line":32,"column":70}},{"start":{"line":33,"column":20},"end":{"line":33,"column":26}}]},"3":{"line":37,"type":"cond-expr","locations":[{"start":{"line":38,"column":14},"end":{"line":38,"column":20}},{"start":{"line":39,"column":14},"end":{"line":39,"column":20}}]},"4":{"line":40,"type":"switch","locations":[{"start":{"line":42,"column":8},"end":{"line":47,"column":18}},{"start":{"line":49,"column":8},"end":{"line":52,"column":18}}]},"5":{"line":44,"type":"binary-expr","locations":[{"start":{"line":44,"column":16},"end":{"line":44,"column":44}},{"start":{"line":44,"column":48},"end":{"line":44,"column":66}}]},"6":{"line":50,"type":"binary-expr","locations":[{"start":{"line":50,"column":21},"end":{"line":50,"column":49}},{"start":{"line":50,"column":53},"end":{"line":50,"column":72}}]},"7":{"line":64,"type":"switch","locations":[{"start":{"line":69,"column":4},"end":{"line":70,"column":14}},{"start":{"line":75,"column":4},"end":{"line":76,"column":14}}]},"8":{"line":85,"type":"switch","locations":[{"start":{"line":90,"column":4},"end":{"line":95,"column":14}},{"start":{"line":101,"column":4},"end":{"line":183,"column":14},"skip":true}]},"9":{"line":92,"type":"binary-expr","locations":[{"start":{"line":92,"column":18},"end":{"line":92,"column":32}},{"start":{"line":93,"column":12},"end":{"line":93,"column":53}},{"start":{"line":94,"column":12},"end":{"line":94,"column":61}}]},"10":{"line":102,"type":"binary-expr","locations":[{"start":{"line":102,"column":45},"end":{"line":102,"column":79},"skip":true},{"start":{"line":102,"column":83},"end":{"line":111,"column":9},"skip":true}]},"11":{"line":113,"type":"binary-expr","locations":[{"start":{"line":113,"column":42},"end":{"line":113,"column":73},"skip":true},{"start":{"line":113,"column":77},"end":{"line":126,"column":9},"skip":true}]},"12":{"line":128,"type":"binary-expr","locations":[{"start":{"line":128,"column":48},"end":{"line":128,"column":85},"skip":true},{"start":{"line":129,"column":12},"end":{"line":135,"column":13},"skip":true}]},"13":{"line":137,"type":"binary-expr","locations":[{"start":{"line":137,"column":42},"end":{"line":137,"column":73},"skip":true},{"start":{"line":137,"column":77},"end":{"line":146,"column":9},"skip":true}]},"14":{"line":148,"type":"binary-expr","locations":[{"start":{"line":148,"column":45},"end":{"line":148,"column":79},"skip":true},{"start":{"line":148,"column":83},"end":{"line":157,"column":9},"skip":true}]},"15":{"line":159,"type":"binary-expr","locations":[{"start":{"line":159,"column":43},"end":{"line":159,"column":75},"skip":true},{"start":{"line":159,"column":79},"end":{"line":168,"column":9},"skip":true}]},"16":{"line":170,"type":"binary-expr","locations":[{"start":{"line":170,"column":41},"end":{"line":170,"column":71},"skip":true},{"start":{"line":170,"column":75},"end":{"line":179,"column":9},"skip":true}]}},"code":["/* istanbul instrument in package npmtest_yarn */","/*jslint","    bitwise: true,","    browser: true,","    maxerr: 8,","    maxlen: 96,","    node: true,","    nomen: true,","    regexp: true,","    stupid: true","*/","(function () {","    'use strict';","    var local;","","","","    // run shared js-env code - pre-init","    (function () {","        // init local","        local = {};","        // init modeJs","        local.modeJs = (function () {","            try {","                return typeof navigator.userAgent === 'string' &&","                    typeof document.querySelector('body') === 'object' &&","                    typeof XMLHttpRequest.prototype.open === 'function' &&","                    'browser';","            } catch (errorCaughtBrowser) {","                return module.exports &&","                    typeof process.versions.node === 'string' &&","                    typeof require('http').createServer === 'function' &&","                    'node';","            }","        }());","        // init global","        local.global = local.modeJs === 'browser'","            ? window","            : global;","        switch (local.modeJs) {","        // re-init local from window.local","        case 'browser':","            local = local.global.utility2.objectSetDefault(","                local.global.utility2_rollup || local.global.local,","                local.global.utility2","            );","            break;","        // re-init local from example.js","        case 'node':","            local = (local.global.utility2_rollup || require('utility2'))","                .requireExampleJsFromReadme();","            break;","        }","        // export local","        local.global.local = local;","    }());","","","","    // run shared js-env code - function","    (function () {","        return;","    }());","    switch (local.modeJs) {","","","","    // run browser js-env code - function","    case 'browser':","        break;","","","","    // run node js-env code - function","    case 'node':","        break;","    }","","","","    // run shared js-env code - post-init","    (function () {","        return;","    }());","    switch (local.modeJs) {","","","","    // run browser js-env code - post-init","    case 'browser':","        // run tests","        local.nop(local.modeTest &&","            document.querySelector('#testRunButton1') &&","            document.querySelector('#testRunButton1').click());","        break;","","","","    // run node js-env code - post-init","    /* istanbul ignore next */","    case 'node':","        local.testCase_buildApidoc_default = local.testCase_buildApidoc_default || function (","            options,","            onError","        ) {","        /*","         * this function will test buildApidoc's default handling-behavior-behavior","         */","            options = { modulePathList: module.paths };","            local.buildApidoc(options, onError);","        };","","        local.testCase_buildApp_default = local.testCase_buildApp_default || function (","            options,","            onError","        ) {","        /*","         * this function will test buildApp's default handling-behavior-behavior","         */","            local.testCase_buildReadme_default(options, local.onErrorThrow);","            local.testCase_buildLib_default(options, local.onErrorThrow);","            local.testCase_buildTest_default(options, local.onErrorThrow);","            local.testCase_buildCustomOrg_default(options, local.onErrorThrow);","            options = [];","            local.buildApp(options, onError);","        };","","        local.testCase_buildCustomOrg_default = local.testCase_buildCustomOrg_default ||","            function (options, onError) {","            /*","             * this function will test buildCustomOrg's default handling-behavior","             */","                options = {};","                local.buildCustomOrg(options, onError);","            };","","        local.testCase_buildLib_default = local.testCase_buildLib_default || function (","            options,","            onError","        ) {","        /*","         * this function will test buildLib's default handling-behavior","         */","            options = {};","            local.buildLib(options, onError);","        };","","        local.testCase_buildReadme_default = local.testCase_buildReadme_default || function (","            options,","            onError","        ) {","        /*","         * this function will test buildReadme's default handling-behavior-behavior","         */","            options = {};","            local.buildReadme(options, onError);","        };","","        local.testCase_buildTest_default = local.testCase_buildTest_default || function (","            options,","            onError","        ) {","        /*","         * this function will test buildTest's default handling-behavior","         */","            options = {};","            local.buildTest(options, onError);","        };","","        local.testCase_webpage_default = local.testCase_webpage_default || function (","            options,","            onError","        ) {","        /*","         * this function will test webpage's default handling-behavior","         */","            options = { modeCoverageMerge: true, url: local.serverLocalHost + '?modeTest=1' };","            local.browserTest(options, onError);","        };","","        // run test-server","        local.testRunServer(local);","        break;","    }","}());",""],"l":{"12":2,"14":2,"19":2,"21":2,"23":2,"24":2,"25":2,"30":1,"37":2,"40":2,"43":1,"47":1,"50":1,"52":1,"55":2,"61":2,"62":2,"64":2,"70":1,"76":1,"82":2,"83":2,"85":2,"92":1,"95":1,"102":1,"109":1,"110":1,"113":1,"120":1,"121":1,"122":1,"123":1,"124":1,"125":1,"128":1,"133":2,"134":2,"137":1,"144":2,"145":2,"148":1,"155":2,"156":2,"159":1,"166":2,"167":2,"170":1,"177":1,"178":1,"182":1,"183":1}},"/home/travis/build/npmtest/node-npmtest-yarn/lib.npmtest_yarn.js":{"path":"/home/travis/build/npmtest/node-npmtest-yarn/lib.npmtest_yarn.js","s":{"1":2,"2":2,"3":2,"4":2,"5":2,"6":2,"7":2,"8":1,"9":2,"10":2,"11":2,"12":2,"13":1,"14":1,"15":1,"16":1},"b":{"1":[2,1,1,1],"2":[1,1,1,1],"3":[1,1],"4":[2,2],"5":[1,1]},"f":{"1":2,"2":2,"3":2},"fnMap":{"1":{"name":"(anonymous_1)","line":12,"loc":{"start":{"line":12,"column":1},"end":{"line":12,"column":13}}},"2":{"name":"(anonymous_2)","line":19,"loc":{"start":{"line":19,"column":5},"end":{"line":19,"column":17}}},"3":{"name":"(anonymous_3)","line":23,"loc":{"start":{"line":23,"column":24},"end":{"line":23,"column":36}}}},"statementMap":{"1":{"start":{"line":12,"column":0},"end":{"line":53,"column":5}},"2":{"start":{"line":14,"column":4},"end":{"line":14,"column":14}},"3":{"start":{"line":19,"column":4},"end":{"line":52,"column":9}},"4":{"start":{"line":21,"column":8},"end":{"line":21,"column":19}},"5":{"start":{"line":23,"column":8},"end":{"line":35,"column":13}},"6":{"start":{"line":24,"column":12},"end":{"line":34,"column":13}},"7":{"start":{"line":25,"column":16},"end":{"line":28,"column":30}},"8":{"start":{"line":30,"column":16},"end":{"line":33,"column":27}},"9":{"start":{"line":37,"column":8},"end":{"line":39,"column":21}},"10":{"start":{"line":41,"column":8},"end":{"line":41,"column":54}},"11":{"start":{"line":43,"column":8},"end":{"line":43,"column":49}},"12":{"start":{"line":45,"column":8},"end":{"line":51,"column":9}},"13":{"start":{"line":46,"column":12},"end":{"line":46,"column":55}},"14":{"start":{"line":48,"column":12},"end":{"line":48,"column":35}},"15":{"start":{"line":49,"column":12},"end":{"line":49,"column":49}},"16":{"start":{"line":50,"column":12},"end":{"line":50,"column":43}}},"branchMap":{"1":{"line":25,"type":"binary-expr","locations":[{"start":{"line":25,"column":23},"end":{"line":25,"column":62}},{"start":{"line":26,"column":20},"end":{"line":26,"column":70}},{"start":{"line":27,"column":20},"end":{"line":27,"column":71}},{"start":{"line":28,"column":20},"end":{"line":28,"column":29}}]},"2":{"line":30,"type":"binary-expr","locations":[{"start":{"line":30,"column":23},"end":{"line":30,"column":37}},{"start":{"line":31,"column":20},"end":{"line":31,"column":61}},{"start":{"line":32,"column":20},"end":{"line":32,"column":70}},{"start":{"line":33,"column":20},"end":{"line":33,"column":26}}]},"3":{"line":37,"type":"cond-expr","locations":[{"start":{"line":38,"column":14},"end":{"line":38,"column":20}},{"start":{"line":39,"column":14},"end":{"line":39,"column":20}}]},"4":{"line":41,"type":"binary-expr","locations":[{"start":{"line":41,"column":16},"end":{"line":41,"column":44}},{"start":{"line":41,"column":48},"end":{"line":41,"column":53}}]},"5":{"line":45,"type":"if","locations":[{"start":{"line":45,"column":8},"end":{"line":45,"column":8}},{"start":{"line":45,"column":8},"end":{"line":45,"column":8}}]}},"code":["/* istanbul instrument in package npmtest_yarn */","/*jslint","    bitwise: true,","    browser: true,","    maxerr: 8,","    maxlen: 96,","    node: true,","    nomen: true,","    regexp: true,","    stupid: true","*/","(function () {","    'use strict';","    var local;","","","","    // run shared js-env code - pre-init","    (function () {","        // init local","        local = {};","        // init modeJs","        local.modeJs = (function () {","            try {","                return typeof navigator.userAgent === 'string' &&","                    typeof document.querySelector('body') === 'object' &&","                    typeof XMLHttpRequest.prototype.open === 'function' &&","                    'browser';","            } catch (errorCaughtBrowser) {","                return module.exports &&","                    typeof process.versions.node === 'string' &&","                    typeof require('http').createServer === 'function' &&","                    'node';","            }","        }());","        // init global","        local.global = local.modeJs === 'browser'","            ? window","            : global;","        // init utility2_rollup","        local = local.global.utility2_rollup || local;","        // init lib","        local.local = local.npmtest_yarn = local;","        // init exports","        if (local.modeJs === 'browser') {","            local.global.utility2_npmtest_yarn = local;","        } else {","            module.exports = local;","            module.exports.__dirname = __dirname;","            module.exports.module = module;","        }","    }());","}());",""],"l":{"12":2,"14":2,"19":2,"21":2,"23":2,"24":2,"25":2,"30":1,"37":2,"41":2,"43":2,"45":2,"46":1,"48":1,"49":1,"50":1}},"/home/travis/build/npmtest/node-npmtest-yarn/example.js":{"path":"/home/travis/build/npmtest/node-npmtest-yarn/example.js","s":{"1":2,"2":2,"3":2,"4":2,"5":2,"6":2,"7":2,"8":1,"9":2,"10":2,"11":2,"12":2,"13":1,"14":2,"15":2,"16":2,"17":2,"18":2,"19":0,"20":2,"21":1,"22":1,"23":1,"24":1,"25":1,"26":0,"27":0,"28":1,"29":1,"30":2,"31":0,"32":0,"33":0,"34":1,"35":2,"36":2,"37":2,"38":2,"39":2,"40":2,"41":0,"42":2,"43":2,"44":2,"45":1,"46":3,"47":1,"48":1,"49":1,"50":1,"51":1,"52":1,"53":1,"54":1,"55":1,"56":1,"57":0,"58":1,"59":6,"60":6,"61":1,"62":2,"63":0,"64":2,"65":1,"66":1,"67":0,"68":0,"69":0,"70":0,"71":0,"72":0,"73":0,"74":0,"75":0,"76":0,"77":0,"78":0,"79":0,"80":0,"81":0,"82":0,"83":0},"b":{"1":[2,1,1,1],"2":[1,1,1,1],"3":[1,1],"4":[2,2],"5":[1,1],"6":[1,1],"7":[2,0],"8":[2,1,1,1,1,1],"9":[0,2,0],"10":[1,1],"11":[2,1,1],"12":[1,0],"13":[0,2],"14":[2,0,0,0,0,0,0],"15":[0,2],"16":[2,0],"17":[1,1],"18":[0,1],"19":[1,2,0,2],"20":[1,0],"21":[1,1],"22":[0,0],"23":[0,0],"24":[0,0],"25":[0,0],"26":[0,0],"27":[0,0],"28":[0,0]},"f":{"1":2,"2":2,"3":2,"4":2,"5":2,"6":2,"7":2,"8":2,"9":3,"10":1,"11":6,"12":0},"fnMap":{"1":{"name":"(anonymous_1)","line":26,"loc":{"start":{"line":26,"column":1},"end":{"line":26,"column":13}}},"2":{"name":"(anonymous_2)","line":33,"loc":{"start":{"line":33,"column":5},"end":{"line":33,"column":17}}},"3":{"name":"(anonymous_3)","line":37,"loc":{"start":{"line":37,"column":24},"end":{"line":37,"column":36}}},"4":{"name":"(anonymous_4)","line":69,"loc":{"start":{"line":69,"column":31},"end":{"line":69,"column":48}},"skip":true},"5":{"name":"(anonymous_5)","line":78,"loc":{"start":{"line":78,"column":26},"end":{"line":78,"column":45}},"skip":true},"6":{"name":"(anonymous_6)","line":123,"loc":{"start":{"line":123,"column":33},"end":{"line":123,"column":48}},"skip":true},"7":{"name":"(anonymous_7)","line":125,"loc":{"start":{"line":125,"column":27},"end":{"line":125,"column":39}},"skip":true},"8":{"name":"(anonymous_8)","line":133,"loc":{"start":{"line":133,"column":59},"end":{"line":133,"column":74}},"skip":true},"9":{"name":"(anonymous_9)","line":143,"loc":{"start":{"line":143,"column":45},"end":{"line":143,"column":62}},"skip":true},"10":{"name":"(anonymous_10)","line":144,"loc":{"start":{"line":144,"column":73},"end":{"line":144,"column":92}},"skip":true},"11":{"name":"(anonymous_11)","line":272,"loc":{"start":{"line":272,"column":51},"end":{"line":272,"column":77}},"skip":true},"12":{"name":"(anonymous_12)","line":314,"loc":{"start":{"line":314,"column":32},"end":{"line":314,"column":61}},"skip":true}},"statementMap":{"1":{"start":{"line":26,"column":0},"end":{"line":325,"column":5}},"2":{"start":{"line":28,"column":4},"end":{"line":28,"column":14}},"3":{"start":{"line":33,"column":4},"end":{"line":60,"column":9}},"4":{"start":{"line":35,"column":8},"end":{"line":35,"column":19}},"5":{"start":{"line":37,"column":8},"end":{"line":49,"column":13}},"6":{"start":{"line":38,"column":12},"end":{"line":48,"column":13}},"7":{"start":{"line":39,"column":16},"end":{"line":42,"column":30}},"8":{"start":{"line":44,"column":16},"end":{"line":47,"column":27}},"9":{"start":{"line":51,"column":8},"end":{"line":53,"column":21}},"10":{"start":{"line":55,"column":8},"end":{"line":57,"column":45}},"11":{"start":{"line":59,"column":8},"end":{"line":59,"column":35}},"12":{"start":{"line":61,"column":4},"end":{"line":324,"column":5}},"13":{"start":{"line":69,"column":8},"end":{"line":121,"column":10},"skip":true},"14":{"start":{"line":70,"column":12},"end":{"line":88,"column":13},"skip":true},"15":{"start":{"line":76,"column":16},"end":{"line":87,"column":19},"skip":true},"16":{"start":{"line":79,"column":20},"end":{"line":86,"column":21},"skip":true},"17":{"start":{"line":82,"column":24},"end":{"line":82,"column":43},"skip":true},"18":{"start":{"line":83,"column":24},"end":{"line":83,"column":30},"skip":true},"19":{"start":{"line":85,"column":24},"end":{"line":85,"column":49},"skip":true},"20":{"start":{"line":89,"column":12},"end":{"line":107,"column":13},"skip":true},"21":{"start":{"line":92,"column":16},"end":{"line":102,"column":17},"skip":true},"22":{"start":{"line":93,"column":20},"end":{"line":93,"column":86},"skip":true},"23":{"start":{"line":94,"column":20},"end":{"line":95,"column":45},"skip":true},"24":{"start":{"line":96,"column":20},"end":{"line":96,"column":42},"skip":true},"25":{"start":{"line":97,"column":20},"end":{"line":97,"column":48},"skip":true},"26":{"start":{"line":100,"column":20},"end":{"line":100,"column":85},"skip":true},"27":{"start":{"line":101,"column":20},"end":{"line":101,"column":96},"skip":true},"28":{"start":{"line":103,"column":16},"end":{"line":103,"column":22},"skip":true},"29":{"start":{"line":106,"column":16},"end":{"line":106,"column":22},"skip":true},"30":{"start":{"line":108,"column":12},"end":{"line":120,"column":13},"skip":true},"31":{"start":{"line":114,"column":16},"end":{"line":119,"column":17},"skip":true},"32":{"start":{"line":116,"column":20},"end":{"line":116,"column":78},"skip":true},"33":{"start":{"line":118,"column":20},"end":{"line":118,"column":47},"skip":true},"34":{"start":{"line":123,"column":8},"end":{"line":141,"column":11},"skip":true},"35":{"start":{"line":124,"column":12},"end":{"line":124,"column":54},"skip":true},"36":{"start":{"line":125,"column":12},"end":{"line":140,"column":14},"skip":true},"37":{"start":{"line":126,"column":16},"end":{"line":126,"column":28},"skip":true},"38":{"start":{"line":127,"column":16},"end":{"line":127,"column":69},"skip":true},"39":{"start":{"line":128,"column":16},"end":{"line":128,"column":75},"skip":true},"40":{"start":{"line":129,"column":16},"end":{"line":131,"column":17},"skip":true},"41":{"start":{"line":130,"column":20},"end":{"line":130,"column":27},"skip":true},"42":{"start":{"line":133,"column":16},"end":{"line":137,"column":36},"skip":true},"43":{"start":{"line":134,"column":20},"end":{"line":136,"column":55},"skip":true},"44":{"start":{"line":139,"column":16},"end":{"line":139,"column":57},"skip":true},"45":{"start":{"line":143,"column":8},"end":{"line":147,"column":11},"skip":true},"46":{"start":{"line":144,"column":12},"end":{"line":146,"column":15},"skip":true},"47":{"start":{"line":145,"column":16},"end":{"line":145,"column":70},"skip":true},"48":{"start":{"line":149,"column":8},"end":{"line":149,"column":31},"skip":true},"49":{"start":{"line":150,"column":8},"end":{"line":150,"column":14},"skip":true},"50":{"start":{"line":158,"column":8},"end":{"line":158,"column":31},"skip":true},"51":{"start":{"line":160,"column":8},"end":{"line":160,"column":33},"skip":true},"52":{"start":{"line":161,"column":8},"end":{"line":161,"column":37},"skip":true},"53":{"start":{"line":162,"column":8},"end":{"line":162,"column":35},"skip":true},"54":{"start":{"line":164,"column":8},"end":{"line":164,"column":50},"skip":true},"55":{"start":{"line":166,"column":8},"end":{"line":256,"column":2},"skip":true},"56":{"start":{"line":258,"column":8},"end":{"line":286,"column":9},"skip":true},"57":{"start":{"line":259,"column":12},"end":{"line":269,"column":14},"skip":true},"58":{"start":{"line":271,"column":12},"end":{"line":285,"column":19},"skip":true},"59":{"start":{"line":274,"column":20},"end":{"line":274,"column":35},"skip":true},"60":{"start":{"line":275,"column":20},"end":{"line":284,"column":21},"skip":true},"61":{"start":{"line":277,"column":24},"end":{"line":277,"column":64},"skip":true},"62":{"start":{"line":279,"column":24},"end":{"line":279,"column":40},"skip":true},"63":{"start":{"line":281,"column":24},"end":{"line":281,"column":40},"skip":true},"64":{"start":{"line":283,"column":24},"end":{"line":283,"column":39},"skip":true},"65":{"start":{"line":288,"column":8},"end":{"line":290,"column":9},"skip":true},"66":{"start":{"line":289,"column":12},"end":{"line":289,"column":18},"skip":true},"67":{"start":{"line":291,"column":8},"end":{"line":293,"column":54},"skip":true},"68":{"start":{"line":294,"column":8},"end":{"line":301,"column":37},"skip":true},"69":{"start":{"line":302,"column":8},"end":{"line":302,"column":82},"skip":true},"70":{"start":{"line":305,"column":8},"end":{"line":307,"column":9},"skip":true},"71":{"start":{"line":306,"column":12},"end":{"line":306,"column":82},"skip":true},"72":{"start":{"line":309,"column":8},"end":{"line":311,"column":9},"skip":true},"73":{"start":{"line":310,"column":12},"end":{"line":310,"column":18},"skip":true},"74":{"start":{"line":312,"column":8},"end":{"line":312,"column":54},"skip":true},"75":{"start":{"line":313,"column":8},"end":{"line":313,"column":69},"skip":true},"76":{"start":{"line":314,"column":8},"end":{"line":322,"column":36},"skip":true},"77":{"start":{"line":315,"column":12},"end":{"line":315,"column":61},"skip":true},"78":{"start":{"line":316,"column":12},"end":{"line":319,"column":13},"skip":true},"79":{"start":{"line":317,"column":16},"end":{"line":317,"column":75},"skip":true},"80":{"start":{"line":318,"column":16},"end":{"line":318,"column":23},"skip":true},"81":{"start":{"line":320,"column":12},"end":{"line":320,"column":38},"skip":true},"82":{"start":{"line":321,"column":12},"end":{"line":321,"column":27},"skip":true},"83":{"start":{"line":323,"column":8},"end":{"line":323,"column":14},"skip":true}},"branchMap":{"1":{"line":39,"type":"binary-expr","locations":[{"start":{"line":39,"column":23},"end":{"line":39,"column":62}},{"start":{"line":40,"column":20},"end":{"line":40,"column":70}},{"start":{"line":41,"column":20},"end":{"line":41,"column":71}},{"start":{"line":42,"column":20},"end":{"line":42,"column":29}}]},"2":{"line":44,"type":"binary-expr","locations":[{"start":{"line":44,"column":23},"end":{"line":44,"column":37}},{"start":{"line":45,"column":20},"end":{"line":45,"column":61}},{"start":{"line":46,"column":20},"end":{"line":46,"column":70}},{"start":{"line":47,"column":20},"end":{"line":47,"column":26}}]},"3":{"line":51,"type":"cond-expr","locations":[{"start":{"line":52,"column":14},"end":{"line":52,"column":20}},{"start":{"line":53,"column":14},"end":{"line":53,"column":20}}]},"4":{"line":55,"type":"binary-expr","locations":[{"start":{"line":55,"column":16},"end":{"line":55,"column":44}},{"start":{"line":55,"column":49},"end":{"line":57,"column":43}}]},"5":{"line":55,"type":"cond-expr","locations":[{"start":{"line":56,"column":14},"end":{"line":56,"column":48}},{"start":{"line":57,"column":14},"end":{"line":57,"column":43}}]},"6":{"line":61,"type":"switch","locations":[{"start":{"line":68,"column":4},"end":{"line":150,"column":14},"skip":true},{"start":{"line":156,"column":4},"end":{"line":323,"column":14},"skip":true}]},"7":{"line":70,"type":"if","locations":[{"start":{"line":70,"column":12},"end":{"line":70,"column":12},"skip":true},{"start":{"line":70,"column":12},"end":{"line":70,"column":12},"skip":true}]},"8":{"line":70,"type":"binary-expr","locations":[{"start":{"line":70,"column":16},"end":{"line":70,"column":22},"skip":true},{"start":{"line":70,"column":27},"end":{"line":70,"column":32},"skip":true},{"start":{"line":71,"column":20},"end":{"line":71,"column":39},"skip":true},{"start":{"line":72,"column":20},"end":{"line":72,"column":49},"skip":true},{"start":{"line":73,"column":20},"end":{"line":73,"column":58},"skip":true},{"start":{"line":74,"column":20},"end":{"line":74,"column":69},"skip":true}]},"9":{"line":79,"type":"switch","locations":[{"start":{"line":80,"column":20},"end":{"line":80,"column":33},"skip":true},{"start":{"line":81,"column":20},"end":{"line":83,"column":30},"skip":true},{"start":{"line":84,"column":20},"end":{"line":85,"column":49},"skip":true}]},"10":{"line":89,"type":"switch","locations":[{"start":{"line":90,"column":12},"end":{"line":103,"column":22},"skip":true},{"start":{"line":105,"column":12},"end":{"line":106,"column":22},"skip":true}]},"11":{"line":89,"type":"binary-expr","locations":[{"start":{"line":89,"column":20},"end":{"line":89,"column":25},"skip":true},{"start":{"line":89,"column":29},"end":{"line":89,"column":48},"skip":true},{"start":{"line":89,"column":52},"end":{"line":89,"column":74},"skip":true}]},"12":{"line":92,"type":"if","locations":[{"start":{"line":92,"column":16},"end":{"line":92,"column":16},"skip":true},{"start":{"line":92,"column":16},"end":{"line":92,"column":16},"skip":true}]},"13":{"line":108,"type":"if","locations":[{"start":{"line":108,"column":12},"end":{"line":108,"column":12},"skip":true},{"start":{"line":108,"column":12},"end":{"line":108,"column":12},"skip":true}]},"14":{"line":108,"type":"binary-expr","locations":[{"start":{"line":108,"column":16},"end":{"line":108,"column":61},"skip":true},{"start":{"line":108,"column":66},"end":{"line":108,"column":72},"skip":true},{"start":{"line":108,"column":77},"end":{"line":108,"column":82},"skip":true},{"start":{"line":109,"column":20},"end":{"line":109,"column":39},"skip":true},{"start":{"line":110,"column":20},"end":{"line":110,"column":49},"skip":true},{"start":{"line":111,"column":20},"end":{"line":111,"column":58},"skip":true},{"start":{"line":112,"column":20},"end":{"line":112,"column":68},"skip":true}]},"15":{"line":129,"type":"if","locations":[{"start":{"line":129,"column":16},"end":{"line":129,"column":16},"skip":true},{"start":{"line":129,"column":16},"end":{"line":129,"column":16},"skip":true}]},"16":{"line":134,"type":"cond-expr","locations":[{"start":{"line":135,"column":26},"end":{"line":135,"column":29},"skip":true},{"start":{"line":136,"column":26},"end":{"line":136,"column":54},"skip":true}]},"17":{"line":164,"type":"binary-expr","locations":[{"start":{"line":164,"column":27},"end":{"line":164,"column":43},"skip":true},{"start":{"line":164,"column":47},"end":{"line":164,"column":49},"skip":true}]},"18":{"line":258,"type":"if","locations":[{"start":{"line":258,"column":8},"end":{"line":258,"column":8},"skip":true},{"start":{"line":258,"column":8},"end":{"line":258,"column":8},"skip":true}]},"19":{"line":275,"type":"switch","locations":[{"start":{"line":276,"column":20},"end":{"line":277,"column":64},"skip":true},{"start":{"line":278,"column":20},"end":{"line":279,"column":40},"skip":true},{"start":{"line":280,"column":20},"end":{"line":281,"column":40},"skip":true},{"start":{"line":282,"column":20},"end":{"line":283,"column":39},"skip":true}]},"20":{"line":288,"type":"if","locations":[{"start":{"line":288,"column":8},"end":{"line":288,"column":8},"skip":true},{"start":{"line":288,"column":8},"end":{"line":288,"column":8},"skip":true}]},"21":{"line":288,"type":"binary-expr","locations":[{"start":{"line":288,"column":12},"end":{"line":288,"column":40},"skip":true},{"start":{"line":288,"column":44},"end":{"line":288,"column":67},"skip":true}]},"22":{"line":292,"type":"binary-expr","locations":[{"start":{"line":292,"column":12},"end":{"line":292,"column":50},"skip":true},{"start":{"line":293,"column":12},"end":{"line":293,"column":53},"skip":true}]},"23":{"line":295,"type":"binary-expr","locations":[{"start":{"line":295,"column":12},"end":{"line":295,"column":62},"skip":true},{"start":{"line":296,"column":12},"end":{"line":301,"column":36},"skip":true}]},"24":{"line":302,"type":"binary-expr","locations":[{"start":{"line":302,"column":43},"end":{"line":302,"column":75},"skip":true},{"start":{"line":302,"column":79},"end":{"line":302,"column":81},"skip":true}]},"25":{"line":305,"type":"if","locations":[{"start":{"line":305,"column":8},"end":{"line":305,"column":8},"skip":true},{"start":{"line":305,"column":8},"end":{"line":305,"column":8},"skip":true}]},"26":{"line":309,"type":"if","locations":[{"start":{"line":309,"column":8},"end":{"line":309,"column":8},"skip":true},{"start":{"line":309,"column":8},"end":{"line":309,"column":8},"skip":true}]},"27":{"line":312,"type":"binary-expr","locations":[{"start":{"line":312,"column":27},"end":{"line":312,"column":43},"skip":true},{"start":{"line":312,"column":47},"end":{"line":312,"column":53},"skip":true}]},"28":{"line":316,"type":"if","locations":[{"start":{"line":316,"column":12},"end":{"line":316,"column":12},"skip":true},{"start":{"line":316,"column":12},"end":{"line":316,"column":12},"skip":true}]}},"code":["/*","example.js","","quickstart example","","instruction","    1. save this script as example.js","    2. run the shell command:","        $ npm install npmtest-yarn && PORT=8081 node example.js","    3. play with the browser-demo on http://127.0.0.1:8081","*/","","","","/* istanbul instrument in package npmtest_yarn */","/*jslint","    bitwise: true,","    browser: true,","    maxerr: 8,","    maxlen: 96,","    node: true,","    nomen: true,","    regexp: true,","    stupid: true","*/","(function () {","    'use strict';","    var local;","","","","    // run shared js-env code - pre-init","    (function () {","        // init local","        local = {};","        // init modeJs","        local.modeJs = (function () {","            try {","                return typeof navigator.userAgent === 'string' &&","                    typeof document.querySelector('body') === 'object' &&","                    typeof XMLHttpRequest.prototype.open === 'function' &&","                    'browser';","            } catch (errorCaughtBrowser) {","                return module.exports &&","                    typeof process.versions.node === 'string' &&","                    typeof require('http').createServer === 'function' &&","                    'node';","            }","        }());","        // init global","        local.global = local.modeJs === 'browser'","            ? window","            : global;","        // init utility2_rollup","        local = local.global.utility2_rollup || (local.modeJs === 'browser'","            ? local.global.utility2_npmtest_yarn","            : global.utility2_moduleExports);","        // export local","        local.global.local = local;","    }());","    switch (local.modeJs) {","","","","    // post-init","    // run browser js-env code - post-init","    /* istanbul ignore next */","    case 'browser':","        local.testRunBrowser = function (event) {","            if (!event || (event &&","                    event.currentTarget &&","                    event.currentTarget.className &&","                    event.currentTarget.className.includes &&","                    event.currentTarget.className.includes('onreset'))) {","                // reset output","                Array.from(","                    document.querySelectorAll('body > .resettable')","                ).forEach(function (element) {","                    switch (element.tagName) {","                    case 'INPUT':","                    case 'TEXTAREA':","                        element.value = '';","                        break;","                    default:","                        element.textContent = '';","                    }","                });","            }","            switch (event && event.currentTarget && event.currentTarget.id) {","            case 'testRunButton1':","                // show tests","                if (document.querySelector('#testReportDiv1').style.display === 'none') {","                    document.querySelector('#testReportDiv1').style.display = 'block';","                    document.querySelector('#testRunButton1').textContent =","                        'hide internal test';","                    local.modeTest = true;","                    local.testRunDefault(local);","                // hide tests","                } else {","                    document.querySelector('#testReportDiv1').style.display = 'none';","                    document.querySelector('#testRunButton1').textContent = 'run internal test';","                }","                break;","            // custom-case","            default:","                break;","            }","            if (document.querySelector('#inputTextareaEval1') && (!event || (event &&","                    event.currentTarget &&","                    event.currentTarget.className &&","                    event.currentTarget.className.includes &&","                    event.currentTarget.className.includes('oneval')))) {","                // try to eval input-code","                try {","                    /*jslint evil: true*/","                    eval(document.querySelector('#inputTextareaEval1').value);","                } catch (errorCaught) {","                    console.error(errorCaught);","                }","            }","        };","        // log stderr and stdout to #outputTextareaStdout1","        ['error', 'log'].forEach(function (key) {","            console[key + '_original'] = console[key];","            console[key] = function () {","                var element;","                console[key + '_original'].apply(console, arguments);","                element = document.querySelector('#outputTextareaStdout1');","                if (!element) {","                    return;","                }","                // append text to #outputTextareaStdout1","                element.value += Array.from(arguments).map(function (arg) {","                    return typeof arg === 'string'","                        ? arg","                        : JSON.stringify(arg, null, 4);","                }).join(' ') + '\\n';","                // scroll textarea to bottom","                element.scrollTop = element.scrollHeight;","            };","        });","        // init event-handling","        ['change', 'click', 'keyup'].forEach(function (event) {","            Array.from(document.querySelectorAll('.on' + event)).forEach(function (element) {","                element.addEventListener(event, local.testRunBrowser);","            });","        });","        // run tests","        local.testRunBrowser();","        break;","","","","    // run node js-env code - post-init","    /* istanbul ignore next */","    case 'node':","        // export local","        module.exports = local;","        // require modules","        local.fs = require('fs');","        local.http = require('http');","        local.url = require('url');","        // init assets","        local.assetsDict = local.assetsDict || {};","        /* jslint-ignore-begin */","        local.assetsDict['/assets.index.template.html'] = '\\","<!doctype html>\\n\\","<html lang=\"en\">\\n\\","<head>\\n\\","<meta charset=\"UTF-8\">\\n\\","<meta name=\"viewport\" content=\"width=device-width, initial-scale=1\">\\n\\","<title>{{env.npm_package_name}} (v{{env.npm_package_version}})</title>\\n\\","<style>\\n\\","/*csslint\\n\\","    box-sizing: false,\\n\\","    universal-selector: false\\n\\","*/\\n\\","* {\\n\\","    box-sizing: border-box;\\n\\","}\\n\\","body {\\n\\","    background: #dde;\\n\\","    font-family: Arial, Helvetica, sans-serif;\\n\\","    margin: 2rem;\\n\\","}\\n\\","body > * {\\n\\","    margin-bottom: 1rem;\\n\\","}\\n\\",".utility2FooterDiv {\\n\\","    margin-top: 20px;\\n\\","    text-align: center;\\n\\","}\\n\\","</style>\\n\\","<style>\\n\\","/*csslint\\n\\","*/\\n\\","textarea {\\n\\","    font-family: monospace;\\n\\","    height: 10rem;\\n\\","    width: 100%;\\n\\","}\\n\\","textarea[readonly] {\\n\\","    background: #ddd;\\n\\","}\\n\\","</style>\\n\\","</head>\\n\\","<body>\\n\\","<!-- utility2-comment\\n\\","<div id=\"ajaxProgressDiv1\" style=\"background: #d00; height: 2px; left: 0; margin: 0; padding: 0; position: fixed; top: 0; transition: background 0.5s, width 1.5s; width: 25%;\"></div>\\n\\","utility2-comment -->\\n\\","<h1>\\n\\","<!-- utility2-comment\\n\\","    <a\\n\\","        {{#if env.npm_package_homepage}}\\n\\","        href=\"{{env.npm_package_homepage}}\"\\n\\","        {{/if env.npm_package_homepage}}\\n\\","        target=\"_blank\"\\n\\","    >\\n\\","utility2-comment -->\\n\\","        {{env.npm_package_name}} (v{{env.npm_package_version}})\\n\\","<!-- utility2-comment\\n\\","    </a>\\n\\","utility2-comment -->\\n\\","</h1>\\n\\","<h3>{{env.npm_package_description}}</h3>\\n\\","<!-- utility2-comment\\n\\","<h4><a download href=\"assets.app.js\">download standalone app</a></h4>\\n\\","<button class=\"onclick onreset\" id=\"testRunButton1\">run internal test</button><br>\\n\\","<div id=\"testReportDiv1\" style=\"display: none;\"></div>\\n\\","utility2-comment -->\\n\\","\\n\\","\\n\\","\\n\\","<label>stderr and stdout</label>\\n\\","<textarea class=\"resettable\" id=\"outputTextareaStdout1\" readonly></textarea>\\n\\","<!-- utility2-comment\\n\\","{{#if isRollup}}\\n\\","<script src=\"assets.app.js\"></script>\\n\\","{{#unless isRollup}}\\n\\","utility2-comment -->\\n\\","<script src=\"assets.utility2.rollup.js\"></script>\\n\\","<script src=\"jsonp.utility2._stateInit?callback=window.utility2._stateInit\"></script>\\n\\","<script src=\"assets.npmtest_yarn.rollup.js\"></script>\\n\\","<script src=\"assets.example.js\"></script>\\n\\","<script src=\"assets.test.js\"></script>\\n\\","<!-- utility2-comment\\n\\","{{/if isRollup}}\\n\\","utility2-comment -->\\n\\","<div class=\"utility2FooterDiv\">\\n\\","    [ this app was created with\\n\\","    <a href=\"https://github.com/kaizhu256/node-utility2\" target=\"_blank\">utility2</a>\\n\\","    ]\\n\\","</div>\\n\\","</body>\\n\\","</html>\\n\\","';","        /* jslint-ignore-end */","        if (local.templateRender) {","            local.assetsDict['/'] = local.templateRender(","                local.assetsDict['/assets.index.template.html'],","                {","                    env: local.objectSetDefault(local.env, {","                        npm_package_description: 'the greatest app in the world!',","                        npm_package_name: 'my-app',","                        npm_package_nameAlias: 'my_app',","                        npm_package_version: '0.0.1'","                    })","                }","            );","        } else {","            local.assetsDict['/'] = local.assetsDict['/assets.index.template.html']","                .replace((/\\{\\{env\\.(\\w+?)\\}\\}/g), function (match0, match1) {","                    // jslint-hack","                    String(match0);","                    switch (match1) {","                    case 'npm_package_description':","                        return 'the greatest app in the world!';","                    case 'npm_package_name':","                        return 'my-app';","                    case 'npm_package_nameAlias':","                        return 'my_app';","                    case 'npm_package_version':","                        return '0.0.1';","                    }","                });","        }","        // run the cli","        if (local.global.utility2_rollup || module !== require.main) {","            break;","        }","        local.assetsDict['/assets.example.js'] =","            local.assetsDict['/assets.example.js'] ||","            local.fs.readFileSync(__filename, 'utf8');","        local.assetsDict['/assets.npmtest_yarn.rollup.js'] =","            local.assetsDict['/assets.npmtest_yarn.rollup.js'] ||","            local.fs.readFileSync(","                // buildCustomOrg-hack","                local.npmtest_yarn.__dirname +","                    '/lib.npmtest_yarn.js',","                'utf8'","            ).replace((/^#!/), '//');","        local.assetsDict['/favicon.ico'] = local.assetsDict['/favicon.ico'] || '';","        // if $npm_config_timeout_exit exists,","        // then exit this process after $npm_config_timeout_exit ms","        if (Number(process.env.npm_config_timeout_exit)) {","            setTimeout(process.exit, Number(process.env.npm_config_timeout_exit));","        }","        // start server","        if (local.global.utility2_serverHttp1) {","            break;","        }","        process.env.PORT = process.env.PORT || '8081';","        console.error('server starting on port ' + process.env.PORT);","        local.http.createServer(function (request, response) {","            request.urlParsed = local.url.parse(request.url);","            if (local.assetsDict[request.urlParsed.pathname] !== undefined) {","                response.end(local.assetsDict[request.urlParsed.pathname]);","                return;","            }","            response.statusCode = 404;","            response.end();","        }).listen(process.env.PORT);","        break;","    }","}());",""],"l":{"26":2,"28":2,"33":2,"35":2,"37":2,"38":2,"39":2,"44":1,"51":2,"55":2,"59":2,"61":2,"69":1,"70":2,"76":2,"79":2,"82":2,"83":2,"85":1,"89":2,"92":1,"93":1,"94":1,"96":1,"97":1,"100":1,"101":1,"103":1,"106":1,"108":2,"114":1,"116":1,"118":1,"123":1,"124":2,"125":2,"126":2,"127":2,"128":2,"129":2,"130":1,"133":2,"134":2,"139":2,"143":1,"144":3,"145":1,"149":1,"150":1,"158":1,"160":1,"161":1,"162":1,"164":1,"166":1,"258":1,"259":1,"271":1,"274":6,"275":6,"277":1,"279":2,"281":1,"283":2,"288":1,"289":1,"291":1,"294":1,"302":1,"305":1,"306":1,"309":1,"310":1,"312":1,"313":1,"314":1,"315":1,"316":1,"317":1,"318":1,"320":1,"321":1,"323":1}},"/home/travis/build/npmtest/node-npmtest-yarn/node_modules/yarn/lib/api.js":{"path":"/home/travis/build/npmtest/node-npmtest-yarn/node_modules/yarn/lib/api.js","s":{},"b":{},"f":{},"fnMap":{},"statementMap":{},"branchMap":{},"code":["\"use strict\";"],"l":{}},"/home/travis/build/npmtest/node-npmtest-yarn/node_modules/yarn/lib/config.js":{"path":"/home/travis/build/npmtest/node-npmtest-yarn/node_modules/yarn/lib/config.js","s":{"1":1,"2":1,"3":1,"4":0,"5":1,"6":1,"7":0,"8":1,"9":1,"10":0,"11":1,"12":1,"13":0,"14":1,"15":1,"16":0,"17":1,"18":1,"19":0,"20":1,"21":1,"22":0,"23":1,"24":1,"25":0,"26":1,"27":1,"28":0,"29":1,"30":1,"31":0,"32":1,"33":1,"34":0,"35":1,"36":0,"37":0,"38":0,"39":0,"40":0,"41":0,"42":0,"43":0,"44":0,"45":1,"46":0,"47":1,"48":1,"49":1,"50":1,"51":0,"52":0,"53":0,"54":0,"55":0,"56":0,"57":0,"58":0,"59":0,"60":0,"61":0,"62":0,"63":0,"64":0,"65":0,"66":0,"67":0,"68":0,"69":0,"70":0,"71":0,"72":0,"73":0,"74":0,"75":0,"76":0,"77":0,"78":0,"79":0,"80":0,"81":0,"82":0,"83":0,"84":0,"85":0,"86":0,"87":0,"88":0,"89":0,"90":0,"91":0,"92":0,"93":0,"94":0,"95":0,"96":0,"97":0,"98":0,"99":0,"100":0,"101":0,"102":0,"103":0,"104":0,"105":0,"106":0,"107":0,"108":0,"109":0,"110":0,"111":0,"112":0,"113":0,"114":0,"115":0,"116":0,"117":0,"118":0,"119":0,"120":0,"121":0,"122":0,"123":0,"124":0,"125":0,"126":0,"127":0,"128":0,"129":0,"130":0,"131":0,"132":0,"133":0,"134":0,"135":0,"136":0,"137":0,"138":0,"139":0,"140":0,"141":0,"142":0,"143":0,"144":0,"145":0,"146":0,"147":0,"148":0,"149":0,"150":0,"151":0,"152":0,"153":0,"154":0,"155":0,"156":0,"157":0,"158":0,"159":0,"160":0,"161":0,"162":0,"163":0,"164":0,"165":0,"166":0,"167":0,"168":0,"169":0,"170":0,"171":0,"172":0,"173":0,"174":0,"175":0,"176":0,"177":0,"178":0,"179":0,"180":0,"181":0,"182":0,"183":0,"184":0,"185":0,"186":0,"187":0,"188":0,"189":0,"190":0,"191":0,"192":0,"193":0,"194":0,"195":0,"196":0,"197":0,"198":0,"199":0,"200":0,"201":0,"202":0,"203":0,"204":0,"205":0,"206":0,"207":0,"208":0,"209":0,"210":0,"211":0,"212":0,"213":0,"214":0,"215":0,"216":0,"217":0,"218":0,"219":0,"220":0,"221":0,"222":0,"223":0,"224":0,"225":0,"226":0,"227":0,"228":0,"229":0,"230":0,"231":0,"232":0,"233":0,"234":0,"235":0,"236":0,"237":0,"238":0,"239":0,"240":0,"241":0,"242":0,"243":0,"244":0,"245":0,"246":0,"247":0,"248":0,"249":1},"b":{"1":[0,0],"2":[0,0],"3":[0,0],"4":[0,0],"5":[0,0],"6":[0,0],"7":[0,0],"8":[0,0],"9":[0,0],"10":[0,0],"11":[0,0],"12":[0,0],"13":[0,0],"14":[0,0],"15":[0,0],"16":[0,0],"17":[0,0],"18":[0,0],"19":[0,0],"20":[0,0],"21":[0,0,0],"22":[0,0],"23":[0,0,0],"24":[0,0,0],"25":[0,0,0],"26":[0,0,0],"27":[0,0,0],"28":[0,0,0],"29":[0,0,0],"30":[0,0],"31":[0,0],"32":[0,0],"33":[0,0],"34":[0,0],"35":[0,0],"36":[0,0],"37":[0,0,0,0],"38":[0,0],"39":[0,0],"40":[0,0,0],"41":[0,0],"42":[0,0],"43":[0,0],"44":[0,0],"45":[0,0],"46":[0,0],"47":[0,0],"48":[0,0],"49":[0,0],"50":[0,0],"51":[0,0],"52":[0,0],"53":[0,0],"54":[0,0],"55":[0,0],"56":[0,0],"57":[0,0],"58":[0,0],"59":[0,0],"60":[0,0],"61":[0,0],"62":[0,0],"63":[0,0],"64":[0,0],"65":[0,0],"66":[0,0],"67":[0,0],"68":[0,0],"69":[0,0],"70":[0,0],"71":[0,0],"72":[0,0],"73":[0,0],"74":[0,0],"75":[0,0],"76":[0,0],"77":[0,0],"78":[0,0],"79":[0,0],"80":[0,0],"81":[0,0],"82":[0,0],"83":[0,0],"84":[0,0],"85":[0,0],"86":[0,0],"87":[0,0],"88":[0,0],"89":[0,0],"90":[0,0],"91":[0,0],"92":[0,0],"93":[0,0],"94":[0,0],"95":[0,0],"96":[0,0],"97":[0,0],"98":[0,0],"99":[0,0],"100":[0,0],"101":[0,0],"102":[0,0],"103":[0,0],"104":[0,0],"105":[0,0],"106":[0,0],"107":[0,0],"108":[0,0],"109":[0,0],"110":[0,0],"111":[0,0],"112":[0,0],"113":[0,0],"114":[0,0],"115":[0,0],"116":[0,0],"117":[0,0],"118":[0,0],"119":[0,0],"120":[0,0],"121":[0,0]},"f":{"1":0,"2":0,"3":0,"4":0,"5":0,"6":0,"7":0,"8":0,"9":0,"10":0,"11":0,"12":0,"13":0,"14":0,"15":0,"16":0,"17":0,"18":0,"19":0,"20":0,"21":0,"22":0,"23":0,"24":0,"25":0,"26":0,"27":0,"28":0,"29":0,"30":0,"31":0,"32":0,"33":0,"34":0,"35":0,"36":0,"37":0,"38":0,"39":0,"40":0,"41":0,"42":0,"43":0,"44":0,"45":0,"46":0},"fnMap":{"1":{"name":"_load_asyncToGenerator","line":9,"loc":{"start":{"line":9,"column":0},"end":{"line":9,"column":34}}},"2":{"name":"_load_executeLifecycleScript","line":15,"loc":{"start":{"line":15,"column":0},"end":{"line":15,"column":40}}},"3":{"name":"_load_index","line":21,"loc":{"start":{"line":21,"column":0},"end":{"line":21,"column":23}}},"4":{"name":"_load_errors","line":27,"loc":{"start":{"line":27,"column":0},"end":{"line":27,"column":24}}},"5":{"name":"_load_fs","line":33,"loc":{"start":{"line":33,"column":0},"end":{"line":33,"column":20}}},"6":{"name":"_load_constants","line":39,"loc":{"start":{"line":39,"column":0},"end":{"line":39,"column":27}}},"7":{"name":"_load_packageConstraintResolver","line":45,"loc":{"start":{"line":45,"column":0},"end":{"line":45,"column":43}}},"8":{"name":"_load_requestManager","line":51,"loc":{"start":{"line":51,"column":0},"end":{"line":51,"column":32}}},"9":{"name":"_load_index2","line":57,"loc":{"start":{"line":57,"column":0},"end":{"line":57,"column":24}}},"10":{"name":"_load_index3","line":63,"loc":{"start":{"line":63,"column":0},"end":{"line":63,"column":24}}},"11":{"name":"_load_map","line":69,"loc":{"start":{"line":69,"column":0},"end":{"line":69,"column":21}}},"12":{"name":"_interopRequireWildcard","line":73,"loc":{"start":{"line":73,"column":0},"end":{"line":73,"column":38}}},"13":{"name":"_interopRequireDefault","line":75,"loc":{"start":{"line":75,"column":0},"end":{"line":75,"column":37}}},"14":{"name":"sortObject","line":81,"loc":{"start":{"line":81,"column":0},"end":{"line":81,"column":28}}},"15":{"name":"(anonymous_15)","line":90,"loc":{"start":{"line":90,"column":13},"end":{"line":90,"column":24}}},"16":{"name":"(anonymous_16)","line":153,"loc":{"start":{"line":153,"column":10},"end":{"line":153,"column":25}}},"17":{"name":"(anonymous_17)","line":169,"loc":{"start":{"line":169,"column":11},"end":{"line":169,"column":17}}},"18":{"name":"(anonymous_18)","line":177,"loc":{"start":{"line":177,"column":20},"end":{"line":177,"column":38}}},"19":{"name":"(anonymous_19)","line":185,"loc":{"start":{"line":185,"column":6},"end":{"line":185,"column":9}}},"20":{"name":"(anonymous_20)","line":189,"loc":{"start":{"line":189,"column":73},"end":{"line":189,"column":86}}},"21":{"name":"(anonymous_21)","line":205,"loc":{"start":{"line":205,"column":55},"end":{"line":205,"column":76}}},"22":{"name":"(anonymous_22)","line":259,"loc":{"start":{"line":259,"column":7},"end":{"line":259,"column":14}}},"23":{"name":"(anonymous_23)","line":298,"loc":{"start":{"line":298,"column":24},"end":{"line":298,"column":46}}},"24":{"name":"(anonymous_24)","line":329,"loc":{"start":{"line":329,"column":24},"end":{"line":329,"column":43}}},"25":{"name":"(anonymous_25)","line":341,"loc":{"start":{"line":341,"column":9},"end":{"line":341,"column":20}}},"26":{"name":"(anonymous_26)","line":352,"loc":{"start":{"line":352,"column":22},"end":{"line":352,"column":40}}},"27":{"name":"(anonymous_27)","line":387,"loc":{"start":{"line":387,"column":19},"end":{"line":387,"column":26}}},"28":{"name":"(anonymous_28)","line":388,"loc":{"start":{"line":388,"column":73},"end":{"line":388,"column":86}}},"29":{"name":"(anonymous_29)","line":405,"loc":{"start":{"line":405,"column":21},"end":{"line":405,"column":27}}},"30":{"name":"(anonymous_30)","line":408,"loc":{"start":{"line":408,"column":106},"end":{"line":408,"column":119}}},"31":{"name":"(anonymous_31)","line":427,"loc":{"start":{"line":427,"column":14},"end":{"line":427,"column":38}}},"32":{"name":"(anonymous_32)","line":431,"loc":{"start":{"line":431,"column":73},"end":{"line":431,"column":86}}},"33":{"name":"(anonymous_33)","line":447,"loc":{"start":{"line":447,"column":19},"end":{"line":447,"column":43}}},"34":{"name":"(anonymous_34)","line":452,"loc":{"start":{"line":452,"column":106},"end":{"line":452,"column":119}}},"35":{"name":"(anonymous_35)","line":486,"loc":{"start":{"line":486,"column":18},"end":{"line":486,"column":21}}},"36":{"name":"(anonymous_36)","line":494,"loc":{"start":{"line":494,"column":13},"end":{"line":494,"column":37}}},"37":{"name":"(anonymous_37)","line":497,"loc":{"start":{"line":497,"column":73},"end":{"line":497,"column":86}}},"38":{"name":"(anonymous_38)","line":516,"loc":{"start":{"line":516,"column":11},"end":{"line":516,"column":17}}},"39":{"name":"(anonymous_39)","line":530,"loc":{"start":{"line":530,"column":18},"end":{"line":530,"column":21}}},"40":{"name":"(anonymous_40)","line":533,"loc":{"start":{"line":533,"column":73},"end":{"line":533,"column":86}}},"41":{"name":"(anonymous_41)","line":559,"loc":{"start":{"line":559,"column":19},"end":{"line":559,"column":31}}},"42":{"name":"(anonymous_42)","line":560,"loc":{"start":{"line":560,"column":73},"end":{"line":560,"column":86}}},"43":{"name":"(anonymous_43)","line":588,"loc":{"start":{"line":588,"column":10},"end":{"line":588,"column":16}}},"44":{"name":"(anonymous_44)","line":592,"loc":{"start":{"line":592,"column":73},"end":{"line":592,"column":86}}},"45":{"name":"(anonymous_45)","line":605,"loc":{"start":{"line":605,"column":15},"end":{"line":605,"column":18}}},"46":{"name":"(anonymous_46)","line":608,"loc":{"start":{"line":608,"column":73},"end":{"line":608,"column":86}}}},"statementMap":{"1":{"start":{"line":3,"column":0},"end":{"line":5,"column":3}},"2":{"start":{"line":7,"column":0},"end":{"line":7,"column":23}},"3":{"start":{"line":9,"column":0},"end":{"line":11,"column":1}},"4":{"start":{"line":10,"column":2},"end":{"line":10,"column":104}},"5":{"start":{"line":13,"column":0},"end":{"line":13,"column":28}},"6":{"start":{"line":15,"column":0},"end":{"line":17,"column":1}},"7":{"start":{"line":16,"column":2},"end":{"line":16,"column":81}},"8":{"start":{"line":19,"column":0},"end":{"line":19,"column":11}},"9":{"start":{"line":21,"column":0},"end":{"line":23,"column":1}},"10":{"start":{"line":22,"column":2},"end":{"line":22,"column":88}},"11":{"start":{"line":25,"column":0},"end":{"line":25,"column":12}},"12":{"start":{"line":27,"column":0},"end":{"line":29,"column":1}},"13":{"start":{"line":28,"column":2},"end":{"line":28,"column":42}},"14":{"start":{"line":31,"column":0},"end":{"line":31,"column":8}},"15":{"start":{"line":33,"column":0},"end":{"line":35,"column":1}},"16":{"start":{"line":34,"column":2},"end":{"line":34,"column":64}},"17":{"start":{"line":37,"column":0},"end":{"line":37,"column":15}},"18":{"start":{"line":39,"column":0},"end":{"line":41,"column":1}},"19":{"start":{"line":40,"column":2},"end":{"line":40,"column":73}},"20":{"start":{"line":43,"column":0},"end":{"line":43,"column":31}},"21":{"start":{"line":45,"column":0},"end":{"line":47,"column":1}},"22":{"start":{"line":46,"column":2},"end":{"line":46,"column":106}},"23":{"start":{"line":49,"column":0},"end":{"line":49,"column":20}},"24":{"start":{"line":51,"column":0},"end":{"line":53,"column":1}},"25":{"start":{"line":52,"column":2},"end":{"line":52,"column":88}},"26":{"start":{"line":55,"column":0},"end":{"line":55,"column":12}},"27":{"start":{"line":57,"column":0},"end":{"line":59,"column":1}},"28":{"start":{"line":58,"column":2},"end":{"line":58,"column":52}},"29":{"start":{"line":61,"column":0},"end":{"line":61,"column":12}},"30":{"start":{"line":63,"column":0},"end":{"line":65,"column":1}},"31":{"start":{"line":64,"column":2},"end":{"line":64,"column":51}},"32":{"start":{"line":67,"column":0},"end":{"line":67,"column":9}},"33":{"start":{"line":69,"column":0},"end":{"line":71,"column":1}},"34":{"start":{"line":70,"column":2},"end":{"line":70,"column":65}},"35":{"start":{"line":73,"column":0},"end":{"line":73,"column":269}},"36":{"start":{"line":73,"column":40},"end":{"line":73,"column":267}},"37":{"start":{"line":73,"column":69},"end":{"line":73,"column":80}},"38":{"start":{"line":73,"column":90},"end":{"line":73,"column":106}},"39":{"start":{"line":73,"column":107},"end":{"line":73,"column":228}},"40":{"start":{"line":73,"column":126},"end":{"line":73,"column":226}},"41":{"start":{"line":73,"column":149},"end":{"line":73,"column":224}},"42":{"start":{"line":73,"column":201},"end":{"line":73,"column":224}},"43":{"start":{"line":73,"column":229},"end":{"line":73,"column":250}},"44":{"start":{"line":73,"column":251},"end":{"line":73,"column":265}},"45":{"start":{"line":75,"column":0},"end":{"line":75,"column":95}},"46":{"start":{"line":75,"column":39},"end":{"line":75,"column":93}},"47":{"start":{"line":77,"column":0},"end":{"line":77,"column":46}},"48":{"start":{"line":78,"column":0},"end":{"line":78,"column":39}},"49":{"start":{"line":79,"column":0},"end":{"line":79,"column":29}},"50":{"start":{"line":81,"column":0},"end":{"line":87,"column":1}},"51":{"start":{"line":82,"column":2},"end":{"line":82,"column":26}},"52":{"start":{"line":83,"column":2},"end":{"line":85,"column":5}},"53":{"start":{"line":84,"column":4},"end":{"line":84,"column":38}},"54":{"start":{"line":86,"column":2},"end":{"line":86,"column":22}},"55":{"start":{"line":91,"column":4},"end":{"line":91,"column":124}},"56":{"start":{"line":92,"column":4},"end":{"line":92,"column":92}},"57":{"start":{"line":93,"column":4},"end":{"line":93,"column":29}},"58":{"start":{"line":94,"column":4},"end":{"line":94,"column":19}},"59":{"start":{"line":154,"column":4},"end":{"line":154,"column":35}},"60":{"start":{"line":155,"column":4},"end":{"line":157,"column":5}},"61":{"start":{"line":156,"column":6},"end":{"line":156,"column":20}},"62":{"start":{"line":159,"column":4},"end":{"line":162,"column":7}},"63":{"start":{"line":160,"column":6},"end":{"line":160,"column":29}},"64":{"start":{"line":161,"column":6},"end":{"line":161,"column":16}},"65":{"start":{"line":170,"column":4},"end":{"line":170,"column":47}},"66":{"start":{"line":178,"column":4},"end":{"line":178,"column":59}},"67":{"start":{"line":186,"column":4},"end":{"line":186,"column":21}},"68":{"start":{"line":188,"column":4},"end":{"line":188,"column":86}},"69":{"start":{"line":189,"column":4},"end":{"line":256,"column":9}},"70":{"start":{"line":190,"column":6},"end":{"line":190,"column":24}},"71":{"start":{"line":192,"column":6},"end":{"line":192,"column":59}},"72":{"start":{"line":193,"column":6},"end":{"line":193,"column":57}},"73":{"start":{"line":195,"column":6},"end":{"line":195,"column":31}},"74":{"start":{"line":197,"column":6},"end":{"line":197,"column":80}},"75":{"start":{"line":199,"column":6},"end":{"line":211,"column":7}},"76":{"start":{"line":200,"column":8},"end":{"line":200,"column":60}},"77":{"start":{"line":202,"column":8},"end":{"line":210,"column":9}},"78":{"start":{"line":204,"column":10},"end":{"line":204,"column":77}},"79":{"start":{"line":205,"column":10},"end":{"line":207,"column":14}},"80":{"start":{"line":206,"column":12},"end":{"line":206,"column":45}},"81":{"start":{"line":209,"column":10},"end":{"line":209,"column":40}},"82":{"start":{"line":213,"column":6},"end":{"line":226,"column":7}},"83":{"start":{"line":214,"column":8},"end":{"line":214,"column":69}},"84":{"start":{"line":217,"column":8},"end":{"line":217,"column":89}},"85":{"start":{"line":218,"column":8},"end":{"line":218,"column":30}},"86":{"start":{"line":220,"column":8},"end":{"line":220,"column":41}},"87":{"start":{"line":221,"column":8},"end":{"line":221,"column":52}},"88":{"start":{"line":222,"column":8},"end":{"line":222,"column":71}},"89":{"start":{"line":223,"column":8},"end":{"line":225,"column":9}},"90":{"start":{"line":224,"column":10},"end":{"line":224,"column":57}},"91":{"start":{"line":228,"column":6},"end":{"line":228,"column":164}},"92":{"start":{"line":230,"column":6},"end":{"line":240,"column":9}},"93":{"start":{"line":241,"column":6},"end":{"line":241,"column":151}},"94":{"start":{"line":244,"column":6},"end":{"line":244,"column":123}},"95":{"start":{"line":245,"column":6},"end":{"line":245,"column":81}},"96":{"start":{"line":246,"column":6},"end":{"line":246,"column":58}},"97":{"start":{"line":247,"column":6},"end":{"line":247,"column":57}},"98":{"start":{"line":249,"column":6},"end":{"line":255,"column":7}},"99":{"start":{"line":250,"column":8},"end":{"line":250,"column":33}},"100":{"start":{"line":251,"column":13},"end":{"line":255,"column":7}},"101":{"start":{"line":252,"column":8},"end":{"line":252,"column":32}},"102":{"start":{"line":254,"column":8},"end":{"line":254,"column":45}},"103":{"start":{"line":260,"column":4},"end":{"line":260,"column":32}},"104":{"start":{"line":261,"column":4},"end":{"line":261,"column":30}},"105":{"start":{"line":262,"column":4},"end":{"line":262,"column":28}},"106":{"start":{"line":264,"column":4},"end":{"line":264,"column":59}},"107":{"start":{"line":265,"column":4},"end":{"line":265,"column":54}},"108":{"start":{"line":266,"column":4},"end":{"line":266,"column":53}},"109":{"start":{"line":268,"column":4},"end":{"line":268,"column":79}},"110":{"start":{"line":270,"column":4},"end":{"line":270,"column":46}},"111":{"start":{"line":272,"column":4},"end":{"line":272,"column":46}},"112":{"start":{"line":273,"column":4},"end":{"line":273,"column":44}},"113":{"start":{"line":274,"column":4},"end":{"line":274,"column":103}},"114":{"start":{"line":275,"column":4},"end":{"line":275,"column":99}},"115":{"start":{"line":276,"column":4},"end":{"line":276,"column":34}},"116":{"start":{"line":277,"column":4},"end":{"line":277,"column":36}},"117":{"start":{"line":279,"column":4},"end":{"line":279,"column":48}},"118":{"start":{"line":280,"column":4},"end":{"line":280,"column":46}},"119":{"start":{"line":282,"column":4},"end":{"line":282,"column":48}},"120":{"start":{"line":284,"column":4},"end":{"line":287,"column":7}},"121":{"start":{"line":289,"column":4},"end":{"line":291,"column":5}},"122":{"start":{"line":290,"column":6},"end":{"line":290,"column":54}},"123":{"start":{"line":299,"column":4},"end":{"line":299,"column":51}},"124":{"start":{"line":300,"column":4},"end":{"line":300,"column":40}},"125":{"start":{"line":302,"column":4},"end":{"line":304,"column":5}},"126":{"start":{"line":303,"column":6},"end":{"line":303,"column":26}},"127":{"start":{"line":306,"column":4},"end":{"line":306,"column":24}},"128":{"start":{"line":307,"column":4},"end":{"line":307,"column":22}},"129":{"start":{"line":308,"column":4},"end":{"line":310,"column":5}},"130":{"start":{"line":309,"column":6},"end":{"line":309,"column":39}},"131":{"start":{"line":312,"column":4},"end":{"line":312,"column":33}},"132":{"start":{"line":315,"column":4},"end":{"line":319,"column":5}},"133":{"start":{"line":316,"column":6},"end":{"line":316,"column":36}},"134":{"start":{"line":317,"column":11},"end":{"line":319,"column":5}},"135":{"start":{"line":318,"column":6},"end":{"line":318,"column":24}},"136":{"start":{"line":321,"column":4},"end":{"line":321,"column":57}},"137":{"start":{"line":330,"column":4},"end":{"line":334,"column":5}},"138":{"start":{"line":331,"column":6},"end":{"line":331,"column":31}},"139":{"start":{"line":333,"column":6},"end":{"line":333,"column":131}},"140":{"start":{"line":342,"column":4},"end":{"line":342,"column":49}},"141":{"start":{"line":343,"column":4},"end":{"line":343,"column":48}},"142":{"start":{"line":353,"column":4},"end":{"line":353,"column":19}},"143":{"start":{"line":355,"column":4},"end":{"line":369,"column":5}},"144":{"start":{"line":356,"column":6},"end":{"line":356,"column":44}},"145":{"start":{"line":358,"column":6},"end":{"line":360,"column":7}},"146":{"start":{"line":359,"column":8},"end":{"line":359,"column":17}},"147":{"start":{"line":362,"column":6},"end":{"line":362,"column":72}},"148":{"start":{"line":364,"column":6},"end":{"line":366,"column":7}},"149":{"start":{"line":365,"column":8},"end":{"line":365,"column":17}},"150":{"start":{"line":368,"column":6},"end":{"line":368,"column":38}},"151":{"start":{"line":371,"column":4},"end":{"line":373,"column":5}},"152":{"start":{"line":372,"column":6},"end":{"line":372,"column":18}},"153":{"start":{"line":375,"column":4},"end":{"line":377,"column":5}},"154":{"start":{"line":376,"column":6},"end":{"line":376,"column":24}},"155":{"start":{"line":379,"column":4},"end":{"line":379,"column":65}},"156":{"start":{"line":388,"column":4},"end":{"line":398,"column":9}},"157":{"start":{"line":389,"column":6},"end":{"line":391,"column":7}},"158":{"start":{"line":390,"column":8},"end":{"line":390,"column":21}},"159":{"start":{"line":393,"column":6},"end":{"line":395,"column":7}},"160":{"start":{"line":394,"column":8},"end":{"line":394,"column":21}},"161":{"start":{"line":397,"column":6},"end":{"line":397,"column":18}},"162":{"start":{"line":406,"column":4},"end":{"line":406,"column":22}},"163":{"start":{"line":408,"column":4},"end":{"line":419,"column":8}},"164":{"start":{"line":409,"column":6},"end":{"line":409,"column":114}},"165":{"start":{"line":410,"column":6},"end":{"line":410,"column":68}},"166":{"start":{"line":412,"column":6},"end":{"line":418,"column":8}},"167":{"start":{"line":428,"column":4},"end":{"line":428,"column":22}},"168":{"start":{"line":430,"column":4},"end":{"line":430,"column":91}},"169":{"start":{"line":431,"column":4},"end":{"line":439,"column":9}},"170":{"start":{"line":432,"column":6},"end":{"line":432,"column":85}},"171":{"start":{"line":434,"column":6},"end":{"line":438,"column":7}},"172":{"start":{"line":435,"column":8},"end":{"line":435,"column":24}},"173":{"start":{"line":437,"column":8},"end":{"line":437,"column":122}},"174":{"start":{"line":448,"column":4},"end":{"line":448,"column":22}},"175":{"start":{"line":450,"column":4},"end":{"line":450,"column":91}},"176":{"start":{"line":452,"column":4},"end":{"line":479,"column":8}},"177":{"start":{"line":453,"column":6},"end":{"line":453,"column":94}},"178":{"start":{"line":454,"column":6},"end":{"line":458,"column":7}},"179":{"start":{"line":455,"column":8},"end":{"line":455,"column":55}},"180":{"start":{"line":457,"column":8},"end":{"line":457,"column":42}},"181":{"start":{"line":460,"column":6},"end":{"line":465,"column":7}},"182":{"start":{"line":461,"column":8},"end":{"line":461,"column":77}},"183":{"start":{"line":462,"column":8},"end":{"line":464,"column":9}},"184":{"start":{"line":463,"column":10},"end":{"line":463,"column":22}},"185":{"start":{"line":467,"column":6},"end":{"line":476,"column":7}},"186":{"start":{"line":468,"column":8},"end":{"line":470,"column":9}},"187":{"start":{"line":469,"column":10},"end":{"line":469,"column":19}},"188":{"start":{"line":472,"column":8},"end":{"line":472,"column":69}},"189":{"start":{"line":473,"column":8},"end":{"line":475,"column":9}},"190":{"start":{"line":474,"column":10},"end":{"line":474,"column":22}},"191":{"start":{"line":478,"column":6},"end":{"line":478,"column":18}},"192":{"start":{"line":487,"column":4},"end":{"line":487,"column":52}},"193":{"start":{"line":495,"column":4},"end":{"line":495,"column":22}},"194":{"start":{"line":497,"column":4},"end":{"line":509,"column":9}},"195":{"start":{"line":498,"column":6},"end":{"line":498,"column":81}},"196":{"start":{"line":500,"column":6},"end":{"line":500,"column":43}},"197":{"start":{"line":501,"column":6},"end":{"line":508,"column":7}},"198":{"start":{"line":502,"column":8},"end":{"line":502,"column":48}},"199":{"start":{"line":503,"column":8},"end":{"line":503,"column":34}},"200":{"start":{"line":504,"column":8},"end":{"line":504,"column":24}},"201":{"start":{"line":505,"column":8},"end":{"line":505,"column":81}},"202":{"start":{"line":507,"column":8},"end":{"line":507,"column":20}},"203":{"start":{"line":517,"column":4},"end":{"line":517,"column":37}},"204":{"start":{"line":518,"column":4},"end":{"line":522,"column":5}},"205":{"start":{"line":519,"column":6},"end":{"line":519,"column":33}},"206":{"start":{"line":520,"column":6},"end":{"line":520,"column":43}},"207":{"start":{"line":521,"column":6},"end":{"line":521,"column":34}},"208":{"start":{"line":523,"column":4},"end":{"line":523,"column":48}},"209":{"start":{"line":531,"column":4},"end":{"line":531,"column":22}},"210":{"start":{"line":533,"column":4},"end":{"line":552,"column":9}},"211":{"start":{"line":534,"column":6},"end":{"line":534,"column":27}},"212":{"start":{"line":535,"column":6},"end":{"line":550,"column":7}},"213":{"start":{"line":536,"column":8},"end":{"line":536,"column":78}},"214":{"start":{"line":537,"column":8},"end":{"line":537,"column":65}},"215":{"start":{"line":539,"column":8},"end":{"line":539,"column":24}},"216":{"start":{"line":540,"column":8},"end":{"line":540,"column":27}},"217":{"start":{"line":541,"column":8},"end":{"line":541,"column":19}},"218":{"start":{"line":542,"column":8},"end":{"line":548,"column":9}},"219":{"start":{"line":543,"column":10},"end":{"line":543,"column":24}},"220":{"start":{"line":545,"column":10},"end":{"line":545,"column":91}},"221":{"start":{"line":546,"column":10},"end":{"line":546,"column":31}},"222":{"start":{"line":547,"column":10},"end":{"line":547,"column":66}},"223":{"start":{"line":549,"column":8},"end":{"line":549,"column":75}},"224":{"start":{"line":551,"column":6},"end":{"line":551,"column":23}},"225":{"start":{"line":560,"column":4},"end":{"line":580,"column":9}},"226":{"start":{"line":561,"column":6},"end":{"line":579,"column":7}},"227":{"start":{"line":562,"column":8},"end":{"line":562,"column":60}},"228":{"start":{"line":563,"column":8},"end":{"line":566,"column":52}},"229":{"start":{"line":568,"column":8},"end":{"line":570,"column":9}},"230":{"start":{"line":569,"column":10},"end":{"line":569,"column":19}},"231":{"start":{"line":572,"column":8},"end":{"line":576,"column":9}},"232":{"start":{"line":573,"column":10},"end":{"line":575,"column":11}},"233":{"start":{"line":574,"column":12},"end":{"line":574,"column":54}},"234":{"start":{"line":578,"column":8},"end":{"line":578,"column":159}},"235":{"start":{"line":589,"column":4},"end":{"line":589,"column":22}},"236":{"start":{"line":591,"column":4},"end":{"line":591,"column":115}},"237":{"start":{"line":592,"column":4},"end":{"line":602,"column":9}},"238":{"start":{"line":593,"column":6},"end":{"line":601,"column":7}},"239":{"start":{"line":594,"column":8},"end":{"line":594,"column":34}},"240":{"start":{"line":596,"column":8},"end":{"line":600,"column":9}},"241":{"start":{"line":597,"column":10},"end":{"line":597,"column":114}},"242":{"start":{"line":599,"column":10},"end":{"line":599,"column":20}},"243":{"start":{"line":606,"column":4},"end":{"line":606,"column":86}},"244":{"start":{"line":607,"column":4},"end":{"line":607,"column":134}},"245":{"start":{"line":608,"column":4},"end":{"line":612,"column":9}},"246":{"start":{"line":609,"column":6},"end":{"line":609,"column":42}},"247":{"start":{"line":610,"column":6},"end":{"line":610,"column":30}},"248":{"start":{"line":611,"column":6},"end":{"line":611,"column":20}},"249":{"start":{"line":615,"column":0},"end":{"line":615,"column":25}}},"branchMap":{"1":{"line":73,"type":"if","locations":[{"start":{"line":73,"column":40},"end":{"line":73,"column":40}},{"start":{"line":73,"column":40},"end":{"line":73,"column":40}}]},"2":{"line":73,"type":"binary-expr","locations":[{"start":{"line":73,"column":44},"end":{"line":73,"column":47}},{"start":{"line":73,"column":51},"end":{"line":73,"column":65}}]},"3":{"line":73,"type":"if","locations":[{"start":{"line":73,"column":107},"end":{"line":73,"column":107}},{"start":{"line":73,"column":107},"end":{"line":73,"column":107}}]},"4":{"line":73,"type":"if","locations":[{"start":{"line":73,"column":149},"end":{"line":73,"column":149}},{"start":{"line":73,"column":149},"end":{"line":73,"column":149}}]},"5":{"line":75,"type":"cond-expr","locations":[{"start":{"line":75,"column":70},"end":{"line":75,"column":73}},{"start":{"line":75,"column":76},"end":{"line":75,"column":92}}]},"6":{"line":75,"type":"binary-expr","locations":[{"start":{"line":75,"column":46},"end":{"line":75,"column":49}},{"start":{"line":75,"column":53},"end":{"line":75,"column":67}}]},"7":{"line":91,"type":"binary-expr","locations":[{"start":{"line":91,"column":35},"end":{"line":91,"column":61}},{"start":{"line":91,"column":65},"end":{"line":91,"column":98}}]},"8":{"line":92,"type":"binary-expr","locations":[{"start":{"line":92,"column":31},"end":{"line":92,"column":46}},{"start":{"line":92,"column":50},"end":{"line":92,"column":72}}]},"9":{"line":155,"type":"if","locations":[{"start":{"line":155,"column":4},"end":{"line":155,"column":4}},{"start":{"line":155,"column":4},"end":{"line":155,"column":4}}]},"10":{"line":188,"type":"cond-expr","locations":[{"start":{"line":188,"column":68},"end":{"line":188,"column":80}},{"start":{"line":188,"column":83},"end":{"line":188,"column":85}}]},"11":{"line":188,"type":"binary-expr","locations":[{"start":{"line":188,"column":15},"end":{"line":188,"column":35}},{"start":{"line":188,"column":39},"end":{"line":188,"column":65}}]},"12":{"line":189,"type":"binary-expr","locations":[{"start":{"line":189,"column":16},"end":{"line":189,"column":34}},{"start":{"line":189,"column":38},"end":{"line":189,"column":62}}]},"13":{"line":192,"type":"binary-expr","locations":[{"start":{"line":192,"column":13},"end":{"line":192,"column":16}},{"start":{"line":192,"column":20},"end":{"line":192,"column":30}}]},"14":{"line":193,"type":"binary-expr","locations":[{"start":{"line":193,"column":13},"end":{"line":193,"column":16}},{"start":{"line":193,"column":20},"end":{"line":193,"column":30}}]},"15":{"line":197,"type":"binary-expr","locations":[{"start":{"line":197,"column":35},"end":{"line":197,"column":38}},{"start":{"line":197,"column":42},"end":{"line":197,"column":52}}]},"16":{"line":202,"type":"if","locations":[{"start":{"line":202,"column":8},"end":{"line":202,"column":8}},{"start":{"line":202,"column":8},"end":{"line":202,"column":8}}]},"17":{"line":204,"type":"binary-expr","locations":[{"start":{"line":204,"column":38},"end":{"line":204,"column":41}},{"start":{"line":204,"column":45},"end":{"line":204,"column":55}}]},"18":{"line":213,"type":"binary-expr","locations":[{"start":{"line":213,"column":37},"end":{"line":213,"column":44}},{"start":{"line":213,"column":48},"end":{"line":213,"column":62}}]},"19":{"line":214,"type":"binary-expr","locations":[{"start":{"line":214,"column":26},"end":{"line":214,"column":33}},{"start":{"line":214,"column":37},"end":{"line":214,"column":51}}]},"20":{"line":223,"type":"if","locations":[{"start":{"line":223,"column":8},"end":{"line":223,"column":8}},{"start":{"line":223,"column":8},"end":{"line":223,"column":8}}]},"21":{"line":228,"type":"binary-expr","locations":[{"start":{"line":228,"column":33},"end":{"line":228,"column":56}},{"start":{"line":228,"column":60},"end":{"line":228,"column":106}},{"start":{"line":228,"column":110},"end":{"line":228,"column":163}}]},"22":{"line":228,"type":"binary-expr","locations":[{"start":{"line":228,"column":111},"end":{"line":228,"column":121}},{"start":{"line":228,"column":125},"end":{"line":228,"column":142}}]},"23":{"line":232,"type":"binary-expr","locations":[{"start":{"line":232,"column":26},"end":{"line":232,"column":40}},{"start":{"line":232,"column":44},"end":{"line":232,"column":68}},{"start":
[...]
":457,"column":6},"end":{"line":459,"column":7}},"186":{"start":{"line":458,"column":8},"end":{"line":458,"column":41}},"187":{"start":{"line":461,"column":6},"end":{"line":463,"column":7}},"188":{"start":{"line":462,"column":8},"end":{"line":462,"column":44}},"189":{"start":{"line":465,"column":6},"end":{"line":465,"column":90}},"190":{"start":{"line":466,"column":6},"end":{"line":466,"column":27}},"191":{"start":{"line":475,"column":4},"end":{"line":475,"column":22}},"192":{"start":{"line":477,"column":4},"end":{"line":495,"column":9}},"193":{"start":{"line":478,"column":6},"end":{"line":478,"column":27}},"194":{"start":{"line":481,"column":6},"end":{"line":481,"column":68}},"195":{"start":{"line":484,"column":6},"end":{"line":486,"column":9}},"196":{"start":{"line":485,"column":8},"end":{"line":485,"column":27}},"197":{"start":{"line":489,"column":6},"end":{"line":491,"column":10}},"198":{"start":{"line":490,"column":8},"end":{"line":490,"column":32}},"199":{"start":{"line":493,"column":6},"end":{"line":493,"column":21}},"200":{"start":{"line":494,"column":6},"end":{"line":494,"column":29}},"201":{"start":{"line":498,"column":0},"end":{"line":498,"column":34}}},"branchMap":{"1":{"line":43,"type":"cond-expr","locations":[{"start":{"line":43,"column":70},"end":{"line":43,"column":73}},{"start":{"line":43,"column":76},"end":{"line":43,"column":92}}]},"2":{"line":43,"type":"binary-expr","locations":[{"start":{"line":43,"column":46},"end":{"line":43,"column":49}},{"start":{"line":43,"column":53},"end":{"line":43,"column":67}}]},"3":{"line":50,"type":"binary-expr","locations":[{"start":{"line":50,"column":34},"end":{"line":50,"column":38}},{"start":{"line":50,"column":42},"end":{"line":50,"column":53}}]},"4":{"line":51,"type":"binary-expr","locations":[{"start":{"line":51,"column":33},"end":{"line":51,"column":37}},{"start":{"line":51,"column":41},"end":{"line":51,"column":52}}]},"5":{"line":52,"type":"binary-expr","locations":[{"start":{"line":52,"column":30},"end":{"line":52,"column":44}},{"start":{"line":52,"column":48},"end":{"line":52,"column":69}}]},"6":{"line":54,"type":"binary-expr","locations":[{"start":{"line":54,"column":25},"end":{"line":54,"column":29}},{"start":{"line":54,"column":33},"end":{"line":54,"column":44}}]},"7":{"line":140,"type":"if","locations":[{"start":{"line":140,"column":6},"end":{"line":140,"column":6}},{"start":{"line":140,"column":6},"end":{"line":140,"column":6}}]},"8":{"line":162,"type":"if","locations":[{"start":{"line":162,"column":8},"end":{"line":162,"column":8}},{"start":{"line":162,"column":8},"end":{"line":162,"column":8}}]},"9":{"line":192,"type":"if","locations":[{"start":{"line":192,"column":8},"end":{"line":192,"column":8}},{"start":{"line":192,"column":8},"end":{"line":192,"column":8}}]},"10":{"line":238,"type":"if","locations":[{"start":{"line":238,"column":6},"end":{"line":238,"column":6}},{"start":{"line":238,"column":6},"end":{"line":238,"column":6}}]},"11":{"line":258,"type":"if","locations":[{"start":{"line":258,"column":6},"end":{"line":258,"column":6}},{"start":{"line":258,"column":6},"end":{"line":258,"column":6}}]},"12":{"line":276,"type":"if","locations":[{"start":{"line":276,"column":6},"end":{"line":276,"column":6}},{"start":{"line":276,"column":6},"end":{"line":276,"column":6}}]},"13":{"line":315,"type":"if","locations":[{"start":{"line":315,"column":6},"end":{"line":315,"column":6}},{"start":{"line":315,"column":6},"end":{"line":315,"column":6}}]},"14":{"line":322,"type":"binary-expr","locations":[{"start":{"line":322,"column":14},"end":{"line":322,"column":33}},{"start":{"line":322,"column":37},"end":{"line":322,"column":55}},{"start":{"line":322,"column":59},"end":{"line":322,"column":76}}]},"15":{"line":326,"type":"if","locations":[{"start":{"line":326,"column":6},"end":{"line":326,"column":6}},{"start":{"line":326,"column":6},"end":{"line":326,"column":6}}]},"16":{"line":352,"type":"binary-expr","locations":[{"start":{"line":352,"column":55},"end":{"line":352,"column":88}},{"start":{"line":352,"column":92},"end":{"line":352,"column":94}}]},"17":{"line":362,"type":"if","locations":[{"start":{"line":362,"column":4},"end":{"line":362,"column":4}},{"start":{"line":362,"column":4},"end":{"line":362,"column":4}}]},"18":{"line":367,"type":"if","locations":[{"start":{"line":367,"column":4},"end":{"line":367,"column":4}},{"start":{"line":367,"column":4},"end":{"line":367,"column":4}}]},"19":{"line":399,"type":"if","locations":[{"start":{"line":399,"column":4},"end":{"line":399,"column":4}},{"start":{"line":399,"column":4},"end":{"line":399,"column":4}}]},"20":{"line":405,"type":"if","locations":[{"start":{"line":405,"column":6},"end":{"line":405,"column":6}},{"start":{"line":405,"column":6},"end":{"line":405,"column":6}}]},"21":{"line":419,"type":"if","locations":[{"start":{"line":419,"column":4},"end":{"line":419,"column":4}},{"start":{"line":419,"column":4},"end":{"line":419,"column":4}}]},"22":{"line":432,"type":"if","locations":[{"start":{"line":432,"column":4},"end":{"line":432,"column":4}},{"start":{"line":432,"column":4},"end":{"line":432,"column":4}}]},"23":{"line":449,"type":"binary-expr","locations":[{"start":{"line":449,"column":16},"end":{"line":449,"column":34}},{"start":{"line":449,"column":38},"end":{"line":449,"column":62}}]},"24":{"line":451,"type":"if","locations":[{"start":{"line":451,"column":6},"end":{"line":451,"column":6}},{"start":{"line":451,"column":6},"end":{"line":451,"column":6}}]},"25":{"line":457,"type":"if","locations":[{"start":{"line":457,"column":6},"end":{"line":457,"column":6}},{"start":{"line":457,"column":6},"end":{"line":457,"column":6}}]},"26":{"line":461,"type":"if","locations":[{"start":{"line":461,"column":6},"end":{"line":461,"column":6}},{"start":{"line":461,"column":6},"end":{"line":461,"column":6}}]},"27":{"line":465,"type":"binary-expr","locations":[{"start":{"line":465,"column":27},"end":{"line":465,"column":42}},{"start":{"line":465,"column":46},"end":{"line":465,"column":68}}]},"28":{"line":477,"type":"binary-expr","locations":[{"start":{"line":477,"column":16},"end":{"line":477,"column":34}},{"start":{"line":477,"column":38},"end":{"line":477,"column":62}}]}},"code":["'use strict';","","Object.defineProperty(exports, \"__esModule\", {","  value: true","});","","var _asyncToGenerator2;","","function _load_asyncToGenerator() {","  return _asyncToGenerator2 = _interopRequireDefault(require('babel-runtime/helpers/asyncToGenerator'));","}","","var _packageRequest;","","function _load_packageRequest() {","  return _packageRequest = _interopRequireDefault(require('./package-request.js'));","}","","var _requestManager;","","function _load_requestManager() {","  return _requestManager = _interopRequireDefault(require('./util/request-manager.js'));","}","","var _blockingQueue;","","function _load_blockingQueue() {","  return _blockingQueue = _interopRequireDefault(require('./util/blocking-queue.js'));","}","","var _wrapper;","","function _load_wrapper() {","  return _wrapper = _interopRequireDefault(require('./lockfile/wrapper.js'));","}","","var _map;","","function _load_map() {","  return _map = _interopRequireDefault(require('./util/map.js'));","}","","function _interopRequireDefault(obj) { return obj && obj.__esModule ? obj : { default: obj }; }","","const invariant = require('invariant');","const semver = require('semver');","","class PackageResolver {","  constructor(config, lockfile) {","    this.patternsByPackage = (0, (_map || _load_map()).default)();","    this.fetchingPatterns = (0, (_map || _load_map()).default)();","    this.fetchingQueue = new (_blockingQueue || _load_blockingQueue()).default('resolver fetching');","    this.newPatterns = [];","    this.patterns = (0, (_map || _load_map()).default)();","    this.usedRegistries = new Set();","    this.flat = false;","","    this.reporter = config.reporter;","    this.lockfile = lockfile;","    this.config = config;","  }","","  // whether the dependency graph will be flattened","","","  // list of registries that have been used in this resolution","","","  // activity monitor","","","  // patterns we've already resolved or are in the process of resolving","","","  // new patterns that didn't exist in the lockfile","","","  // TODO","","","  // these are patterns that the package resolver was seeded with. these are required in","  // order to resolve top level peerDependencies","","","  // manages and throttles json api http requests","","","  // list of patterns associated with a package","","","  // lockfile instance which we can use to retrieve version info","","","  // a map of dependency patterns to packages","","","  // reporter instance, abstracts out display logic","","","  // environment specific config methods and options","","","  /**","   * TODO description","   */","","  isNewPattern(pattern) {","    return this.newPatterns.indexOf(pattern) >= 0;","  }","","  /**","   * TODO description","   */","","  updateManifest(ref, newPkg) {","    // inherit fields","    const oldPkg = this.patterns[ref.patterns[0]];","    newPkg._reference = ref;","    newPkg._remote = ref.remote;","    newPkg.name = oldPkg.name;","","    // update patterns","    for (const pattern of ref.patterns) {","      this.patterns[pattern] = newPkg;","    }","","    return Promise.resolve();","  }","","  /**","   * Given a list of patterns, dedupe them to a list of unique patterns.","   */","","  dedupePatterns(patterns) {","    const deduped = [];","    const seen = new Set();","","    for (const pattern of patterns) {","      const info = this.getResolvedPattern(pattern);","      if (seen.has(info)) {","        continue;","      }","","      seen.add(info);","      deduped.push(pattern);","    }","","    return deduped;","  }","","  /**","   * Get a list of all manifests by topological order.","   */","","  getTopologicalManifests(seedPatterns) {","    const pkgs = new Set();","    const skip = new Set();","","    const add = seedPatterns => {","      for (const pattern of seedPatterns) {","        const pkg = this.getStrictResolvedPattern(pattern);","        if (skip.has(pkg)) {","          continue;","        }","","        const ref = pkg._reference;","        invariant(ref, 'expected reference');","        skip.add(pkg);","        add(ref.dependencies);","        pkgs.add(pkg);","      }","    };","","    add(seedPatterns);","","    return pkgs;","  }","","  /**","   * Get a list of all manifests by level sort order.","   */","","  getLevelOrderManifests(seedPatterns) {","    const pkgs = new Set();","    const skip = new Set();","","    const add = seedPatterns => {","      const refs = [];","","      for (const pattern of seedPatterns) {","        const pkg = this.getStrictResolvedPattern(pattern);","        if (skip.has(pkg)) {","          continue;","        }","","        const ref = pkg._reference;","        invariant(ref, 'expected reference');","","        refs.push(ref);","        skip.add(pkg);","        pkgs.add(pkg);","      }","","      for (const ref of refs) {","        add(ref.dependencies);","      }","    };","","    add(seedPatterns);","","    return pkgs;","  }","","  /**","   * Get a list of all package names in the depenency graph.","   */","","  getAllDependencyNamesByLevelOrder(seedPatterns) {","    const names = new Set();","    for (const _ref of this.getLevelOrderManifests(seedPatterns)) {","      const name = _ref.name;","","      names.add(name);","    }","    return names;","  }","","  /**","   * Retrieve all the package info stored for this package name.","   */","","  getAllInfoForPackageName(name) {","    const infos = [];","    const seen = new Set();","","    for (const pattern of this.patternsByPackage[name]) {","      const info = this.patterns[pattern];","      if (seen.has(info)) {","        continue;","      }","","      seen.add(info);","      infos.push(info);","    }","","    return infos;","  }","","  /**","   * Get a flat list of all package references.","   */","","  getPackageReferences() {","    const refs = [];","","    for (const manifest of this.getManifests()) {","      const ref = manifest._reference;","      if (ref) {","        refs.push(ref);","      }","    }","","    return refs;","  }","","  /**","   * Get a flat list of all package info.","   */","","  getManifests() {","    const infos = [];","    const seen = new Set();","","    for (const pattern in this.patterns) {","      const info = this.patterns[pattern];","      if (seen.has(info)) {","        continue;","      }","","      infos.push(info);","      seen.add(info);","    }","","    return infos;","  }","","  /**","   * replace pattern in resolver, e.g. `name` is replaced with `name@^1.0.1`","   */","  replacePattern(pattern, newPattern) {","    const pkg = this.getResolvedPattern(pattern);","    invariant(pkg, `missing package ${pattern}`);","    const ref = pkg._reference;","    invariant(ref, 'expected package reference');","    ref.patterns = [newPattern];","    this.newPatterns.splice(this.newPatterns.indexOf(pattern), 1, newPattern);","    this.addPattern(newPattern, pkg);","    this.removePattern(pattern);","  }","","  /**","   * Make all versions of this package resolve to it.","   */","","  collapseAllVersionsOfPackage(name, version) {","    const patterns = this.dedupePatterns(this.patternsByPackage[name]);","    const human = `${name}@${version}`;","","    // get manifest that matches the version we're collapsing too","    let collapseToReference;","    let collapseToManifest;","    let collapseToPattern;","    for (const pattern of patterns) {","      const _manifest = this.patterns[pattern];","      if (_manifest.version === version) {","        collapseToReference = _manifest._reference;","        collapseToManifest = _manifest;","        collapseToPattern = pattern;","        break;","      }","    }","    invariant(collapseToReference && collapseToManifest && collapseToPattern, `Couldn't find package manifest for ${human}`);","","    for (const pattern of patterns) {","      // don't touch the pattern we're collapsing to","      if (pattern === collapseToPattern) {","        continue;","      }","","      // remove this pattern","      const ref = this.getStrictResolvedPattern(pattern)._reference;","      invariant(ref, 'expected package reference');","      const refPatterns = ref.patterns.slice();","      ref.prune();","","      // add pattern to the manifest we're collapsing to","      for (const pattern of refPatterns) {","        collapseToReference.addPattern(pattern, collapseToManifest);","      }","    }","","    return collapseToPattern;","  }","","  /**","   * TODO description","   */","","  addPattern(pattern, info) {","    this.patterns[pattern] = info;","","    const byName = this.patternsByPackage[info.name] = this.patternsByPackage[info.name] || [];","    byName.push(pattern);","  }","","  /**","   * TODO description","   */","","  removePattern(pattern) {","    const pkg = this.patterns[pattern];","    if (!pkg) {","      return;","    }","","    const byName = this.patternsByPackage[pkg.name];","    if (!byName) {","      return;","    }","","    byName.splice(byName.indexOf(pattern), 1);","    delete this.patterns[pattern];","  }","","  /**","   * TODO description","   */","","  getResolvedPattern(pattern) {","    return this.patterns[pattern];","  }","","  /**","   * TODO description","   */","","  getStrictResolvedPattern(pattern) {","    const manifest = this.getResolvedPattern(pattern);","    invariant(manifest, 'expected manifest');","    return manifest;","  }","","  /**","   * TODO description","   */","","  getExactVersionMatch(name, version) {","    const patterns = this.patternsByPackage[name];","    if (!patterns) {","      return null;","    }","","    for (const pattern of patterns) {","      const info = this.getStrictResolvedPattern(pattern);","      if (info.version === version) {","        return info;","      }","    }","","    return null;","  }","","  /**","   * Get the manifest of the highest known version that satisfies a package range","   */","","  getHighestRangeVersionMatch(name, range) {","    const patterns = this.patternsByPackage[name];","    if (!patterns) {","      return null;","    }","","    const versionNumbers = [];","    const resolvedPatterns = patterns.map(pattern => {","      const info = this.getStrictResolvedPattern(pattern);","      versionNumbers.push(info.version);","","      return info;","    });","","    const maxValidRange = semver.maxSatisfying(versionNumbers, range);","    if (!maxValidRange) {","      return null;","    }","","    const indexOfmaxValidRange = versionNumbers.indexOf(maxValidRange);","    const maxValidRangeManifest = resolvedPatterns[indexOfmaxValidRange];","","    return maxValidRangeManifest;","  }","","  /**","   * TODO description","   */","","  find(req) {","    var _this = this;","","    return (0, (_asyncToGenerator2 || _load_asyncToGenerator()).default)(function* () {","      const fetchKey = `${req.registry}:${req.pattern}`;","      if (_this.fetchingPatterns[fetchKey]) {","        return;","      } else {","        _this.fetchingPatterns[fetchKey] = true;","      }","","      if (_this.activity) {","        _this.activity.tick(req.pattern);","      }","","      if (!_this.lockfile.getLocked(req.pattern, true)) {","        _this.newPatterns.push(req.pattern);","      }","","      const request = new (_packageRequest || _load_packageRequest()).default(req, _this);","      yield request.find();","    })();","  }","","  /**","   * TODO description","   */","","  init(deps, isFlat) {","    var _this2 = this;","","    return (0, (_asyncToGenerator2 || _load_asyncToGenerator()).default)(function* () {","      _this2.flat = isFlat;","","      //","      const activity = _this2.activity = _this2.reporter.activity();","","      //","      _this2.seedPatterns = deps.map(function (dep) {","        return dep.pattern;","      });","","      //","      yield Promise.all(deps.map(function (req) {","        return _this2.find(req);","      }));","","      activity.end();","      _this2.activity = null;","    })();","  }","}","exports.default = PackageResolver;"],"l":{"3":1,"7":1,"9":1,"10":0,"13":1,"15":1,"16":0,"19":1,"21":1,"22":0,"25":1,"27":1,"28":0,"31":1,"33":1,"34":0,"37":1,"39":1,"40":0,"43":1,"45":1,"46":1,"50":0,"51":0,"52":0,"53":0,"54":0,"55":0,"56":0,"58":0,"59":0,"60":0,"108":0,"117":0,"118":0,"119":0,"120":0,"123":0,"124":0,"127":0,"135":0,"136":0,"138":0,"139":0,"140":0,"141":0,"144":0,"145":0,"148":0,"156":0,"157":0,"159":0,"160":0,"161":0,"162":0,"163":0,"166":0,"167":0,"168":0,"169":0,"170":0,"174":0,"176":0,"184":0,"185":0,"187":0,"188":0,"190":0,"191":0,"192":0,"193":0,"196":0,"197":0,"199":0,"200":0,"201":0,"204":0,"205":0,"209":0,"211":0,"219":0,"220":0,"221":0,"223":0,"225":0,"233":0,"234":0,"236":0,"237":0,"238":0,"239":0,"242":0,"243":0,"246":0,"254":0,"256":0,"257":0,"258":0,"259":0,"263":0,"271":0,"272":0,"274":0,"275":0,"276":0,"277":0,"280":0,"281":0,"284":0,"291":0,"292":0,"293":0,"294":0,"295":0,"296":0,"297":0,"298":0,"306":0,"307":0,"310":0,"311":0,"312":0,"313":0,"314":0,"315":0,"316":0,"317":0,"318":0,"319":0,"322":0,"324":0,"326":0,"327":0,"331":0,"332":0,"333":0,"334":0,"337":0,"338":0,"342":0,"350":0,"352":0,"353":0,"361":0,"362":0,"363":0,"366":0,"367":0,"368":0,"371":0,"372":0,"380":0,"388":0,"389":0,"390":0,"398":0,"399":0,"400":0,"403":0,"404":0,"405":0,"406":0,"410":0,"418":0,"419":0,"420":0,"423":0,"424":0,"425":0,"426":0,"428":0,"431":0,"432":0,"433":0,"436":0,"437":0,"439":0,"447":0,"449":0,"450":0,"451":0,"452":0,"454":0,"457":0,"458":0,"461":0,"462":0,"465":0,"466":0,"475":0,"477":0,"478":0,"481":0,"484":0,"485":0,"489":0,"490":0,"493":0,"494":0,"498":1}},"/home/travis/build/npmtest/node-npmtest-yarn/node_modules/yarn/lib/types.js":{"path":"/home/travis/build/npmtest/node-npmtest-yarn/node_modules/yarn/lib/types.js","s":{},"b":{},"f":{},"fnMap":{},"statementMap":{},"branchMap":{},"code":["'use strict';"],"l":{}}}